{"Type":"Asset Specs","Data":{"LBSJ":{"LotSize":"1","SettlementCurrency":""},"LBSM":{"LotSize":"1","SettlementCurrency":""},"LBSQ":{"LotSize":"1","SettlementCurrency":""},"LBSV":{"LotSize":"1","SettlementCurrency":""},"LBSZ":{"LotSize":"1","SettlementCurrency":""}},"Timestamp":"2022-03-28T09:14:12.937679-07:00"}
{"Type":"MarkPrices","Data":{"LBSJ":"300","LBSM":"300","LBSQ":"300","LBSV":"300","LBSZ":"300"},"Timestamp":"2022-03-28T09:14:13.943108-07:00"}
{"Type":"Account Info","Data":{"Acct":{"Cash":"-7800","Positions":{"LBSJ":10,"LBSM":10,"LBSQ":10}},"User":"2020"},"Timestamp":"2022-03-28T09:14:13.943891-07:00"}
{"Type":"MarkPrices","Data":{"LBSJ":"270","LBSM":"270","LBSQ":"270","LBSV":"300","LBSZ":"300"},"Timestamp":"2022-03-28T09:14:14.937718-07:00"}
{"Type":"Account Info","Data":{"Acct":{"Cash":"660","Positions":{"LBSJ":0,"LBSM":0,"LBSQ":0}},"User":"2020"},"Timestamp":"2022-03-28T09:14:14.937843-07:00"}
{"Type":"MarkPrices","Data":{"LBSJ":"291.06","LBSM":"289.97","LBSQ":"292.48","LBSV":"295.72","LBSZ":"291.34"},"Timestamp":"2022-03-28T09:14:15.942653-07:00"}
{"Type":"Account Info","Data":{"Acct":{"Cash":"2260","Positions":{"LBSJ":0,"LBSM":0,"LBSQ":0,"LBSV":0,"LBSZ":0}},"User":"2020"},"Timestamp":"2022-03-28T09:14:15.942928-07:00"}
{"Type":"MarkPrices","Data":{"LBSJ":"271.97","LBSM":"271.91","LBSQ":"273.11","LBSV":"277.5","LBSZ":"266.68"},"Timestamp":"2022-03-28T09:14:16.942078-07:00"}
{"Type":"Account Info","Data":{"Acct":{"Cash":"-10740","Positions":{"LBSJ":10,"LBSM":10,"LBSQ":10,"LBSV":10,"LBSZ":10}},"User":"2020"},"Timestamp":"2022-03-28T09:14:16.942275-07:00"}
{"Type":"MarkPrices","Data":{"LBSJ":"270","LBSM":"270","LBSQ":"270","LBSV":"270","LBSZ":"270"},"Timestamp":"2022-03-28T09:14:17.941832-07:00"}
{"Type":"Account Info","Data":{"Acct":{"Cash":"-10740","Positions":{"LBSJ":10,"LBSM":10,"LBSQ":10,"LBSV":10,"LBSZ":10}},"User":"2020"},"Timestamp":"2022-03-28T09:14:17.94215-07:00"}
{"Type":"MarkPrices","Data":{"LBSJ":"269.5","LBSM":"269.5","LBSQ":"269.5","LBSV":"269.5","LBSZ":"269.5"},"Timestamp":"2022-03-28T09:14:18.940996-07:00"}
{"Type":"Account Info","Data":{"Acct":{"Cash":"-10740","Positions":{"LBSJ":10,"LBSM":10,"LBSQ":10,"LBSV":10,"LBSZ":10}},"User":"2020"},"Timestamp":"2022-03-28T09:14:18.94143-07:00"}
{"Type":"MarkPrices","Data":{"LBSJ":"271.35","LBSM":"275.01","LBSQ":"289.08","LBSV":"266.27","LBSZ":"273.66"},"Timestamp":"2022-03-28T09:14:19.938989-07:00"}
{"Type":"Account Info","Data":{"Acct":{"Cash":"3250","Positions":{"LBSJ":0,"LBSM":0,"LBSQ":0,"LBSV":0,"LBSZ":0}},"User":"2020"},"Timestamp":"2022-03-28T09:14:19.939185-07:00"}
{"Type":"MarkPrices","Data":{"LBSJ":"271.35","LBSM":"275.01","LBSQ":"289.08","LBSV":"266.27","LBSZ":"273.66"},"Timestamp":"2022-03-28T09:14:20.939628-07:00"}
{"Type":"Account Info","Data":{"Acct":{"Cash":"-6350","Positions":{"LBSJ":10,"LBSM":10,"LBSQ":0,"LBSV":10,"LBSZ":10}},"User":"2020"},"Timestamp":"2022-03-28T09:14:20.939935-07:00"}
{"Type":"MarkPrices","Data":{"LBSJ":"270","LBSM":"270","LBSQ":"300","LBSV":"270","LBSZ":"270"},"Timestamp":"2022-03-28T09:14:21.93935-07:00"}
{"Type":"Account Info","Data":{"Acct":{"Cash":"-6350","Positions":{"LBSJ":10,"LBSM":10,"LBSQ":0,"LBSV":10,"LBSZ":10}},"User":"2020"},"Timestamp":"2022-03-28T09:14:21.939866-07:00"}
{"Type":"MarkPrices","Data":{"LBSJ":"269.5","LBSM":"269.5","LBSQ":"300","LBSV":"269.5","LBSZ":"269.5"},"Timestamp":"2022-03-28T09:14:22.937847-07:00"}
{"Type":"Account Info","Data":{"Acct":{"Cash":"-6350","Positions":{"LBSJ":10,"LBSM":10,"LBSQ":0,"LBSV":10,"LBSZ":10}},"User":"2020"},"Timestamp":"2022-03-28T09:14:22.938458-07:00"}
{"Type":"MarkPrices","Data":{"LBSJ":"269","LBSM":"269","LBSQ":"300","LBSV":"269","LBSZ":"269"},"Timestamp":"2022-03-28T09:14:23.939184-07:00"}
{"Type":"Account Info","Data":{"Acct":{"Cash":"5642","Positions":{"LBSJ":0,"LBSM":0,"LBSQ":0,"LBSV":0,"LBSZ":0}},"User":"2020"},"Timestamp":"2022-03-28T09:14:23.939272-07:00"}
{"Type":"MarkPrices","Data":{"LBSJ":"271.14","LBSM":"277.04","LBSQ":"284.88","LBSV":"272.75","LBSZ":"272.92"},"Timestamp":"2022-03-28T09:14:24.939677-07:00"}
{"Type":"Account Info","Data":{"Acct":{"Cash":"-3958","Positions":{"LBSJ":10,"LBSM":10,"LBSQ":0,"LBSV":10,"LBSZ":10}},"User":"2020"},"Timestamp":"2022-03-28T09:14:24.939775-07:00"}
{"Type":"MarkPrices","Data":{"LBSJ":"270","LBSM":"270","LBSQ":"290.44","LBSV":"270","LBSZ":"270"},"Timestamp":"2022-03-28T09:14:25.940689-07:00"}
{"Type":"Account Info","Data":{"Acct":{"Cash":"-3958","Positions":{"LBSJ":10,"LBSM":10,"LBSQ":0,"LBSV":10,"LBSZ":10}},"User":"2020"},"Timestamp":"2022-03-28T09:14:25.940851-07:00"}
{"Type":"MarkPrices","Data":{"LBSJ":"269.5","LBSM":"269.5","LBSQ":"290.44","LBSV":"269.5","LBSZ":"269.5"},"Timestamp":"2022-03-28T09:14:26.937767-07:00"}
{"Type":"Account Info","Data":{"Acct":{"Cash":"4678","Positions":{"LBSJ":0,"LBSM":0,"LBSQ":10,"LBSV":0,"LBSZ":0}},"User":"2020"},"Timestamp":"2022-03-28T09:14:26.937854-07:00"}
{"Type":"MarkPrices","Data":{"LBSJ":"295.64","LBSM":"290.55","LBSQ":"270","LBSV":"300","LBSZ":"292.65"},"Timestamp":"2022-03-28T09:14:27.940628-07:00"}
{"Type":"Account Info","Data":{"Acct":{"Cash":"4678","Positions":{"LBSJ":0,"LBSM":0,"LBSQ":10,"LBSV":0,"LBSZ":0}},"User":"2020"},"Timestamp":"2022-03-28T09:14:27.940694-07:00"}
{"Type":"MarkPrices","Data":{"LBSJ":"295.64","LBSM":"290.55","LBSQ":"269.5","LBSV":"300","LBSZ":"292.65"},"Timestamp":"2022-03-28T09:14:28.940029-07:00"}
{"Type":"Account Info","Data":{"Acct":{"Cash":"4678","Positions":{"LBSJ":0,"LBSM":0,"LBSQ":10,"LBSV":0,"LBSZ":0}},"User":"2020"},"Timestamp":"2022-03-28T09:14:28.94011-07:00"}
{"Type":"MarkPrices","Data":{"LBSJ":"290.73","LBSM":"291.84","LBSQ":"269","LBSV":"293.52","LBSZ":"291.12"},"Timestamp":"2022-03-28T09:14:29.942153-07:00"}
{"Type":"Account Info","Data":{"Acct":{"Cash":"-2924","Positions":{"LBSJ":10,"LBSM":10,"LBSQ":0,"LBSV":10,"LBSZ":10}},"User":"2020"},"Timestamp":"2022-03-28T09:14:29.942197-07:00"}
{"Type":"MarkPrices","Data":{"LBSJ":"270","LBSM":"270","LBSQ":"298.88","LBSV":"270","LBSZ":"270"},"Timestamp":"2022-03-28T09:14:30.93784-07:00"}
{"Type":"Account Info","Data":{"Acct":{"Cash":"-2924","Positions":{"LBSJ":10,"LBSM":10,"LBSQ":0,"LBSV":10,"LBSZ":10}},"User":"2020"},"Timestamp":"2022-03-28T09:14:30.937964-07:00"}
{"Type":"MarkPrices","Data":{"LBSJ":"295.12","LBSM":"300","LBSQ":"270","LBSV":"299.74","LBSZ":"300"},"Timestamp":"2022-03-28T09:14:31.941821-07:00"}
{"Type":"Account Info","Data":{"Acct":{"Cash":"5756","Positions":{"LBSJ":0,"LBSM":0,"LBSQ":10,"LBSV":0,"LBSZ":0}},"User":"2020"},"Timestamp":"2022-03-28T09:14:31.941857-07:00"}
{"Type":"MarkPrices","Data":{"LBSJ":"295.12","LBSM":"300","LBSQ":"269.5","LBSV":"299.74","LBSZ":"300"},"Timestamp":"2022-03-28T09:14:32.941214-07:00"}
{"Type":"Account Info","Data":{"Acct":{"Cash":"5756","Positions":{"LBSJ":0,"LBSM":0,"LBSQ":10,"LBSV":0,"LBSZ":0}},"User":"2020"},"Timestamp":"2022-03-28T09:14:32.941294-07:00"}
{"Type":"MarkPrices","Data":{"LBSJ":"295.19","LBSM":"294.02","LBSQ":"269","LBSV":"292.56","LBSZ":"294.16"},"Timestamp":"2022-03-28T09:14:33.942436-07:00"}
{"Type":"Account Info","Data":{"Acct":{"Cash":"5756","Positions":{"LBSJ":0,"LBSM":0,"LBSQ":10,"LBSV":0,"LBSZ":0}},"User":"2020"},"Timestamp":"2022-03-28T09:14:33.942592-07:00"}
{"Type":"MarkPrices","Data":{"LBSJ":"295.19","LBSM":"294.02","LBSQ":"268.5","LBSV":"292.56","LBSZ":"294.16"},"Timestamp":"2022-03-28T09:14:34.937771-07:00"}
{"Type":"Account Info","Data":{"Acct":{"Cash":"-1857","Positions":{"LBSJ":10,"LBSM":10,"LBSQ":0,"LBSV":10,"LBSZ":10}},"User":"2020"},"Timestamp":"2022-03-28T09:14:34.938008-07:00"}
{"Type":"MarkPrices","Data":{"LBSJ":"270","LBSM":"270","LBSQ":"293.32","LBSV":"270","LBSZ":"270"},"Timestamp":"2022-03-28T09:14:35.938948-07:00"}
{"Type":"Account Info","Data":{"Acct":{"Cash":"-1857","Positions":{"LBSJ":10,"LBSM":10,"LBSQ":0,"LBSV":10,"LBSZ":10}},"User":"2020"},"Timestamp":"2022-03-28T09:14:35.939042-07:00"}
{"Type":"MarkPrices","Data":{"LBSJ":"269.5","LBSM":"269.5","LBSQ":"293.32","LBSV":"269.5","LBSZ":"269.5"},"Timestamp":"2022-03-28T09:14:36.940911-07:00"}
{"Type":"Account Info","Data":{"Acct":{"Cash":"-1857","Positions":{"LBSJ":10,"LBSM":10,"LBSQ":0,"LBSV":10,"LBSZ":10}},"User":"2020"},"Timestamp":"2022-03-28T09:14:36.940987-07:00"}
{"Type":"MarkPrices","Data":{"LBSJ":"269","LBSM":"269","LBSQ":"294.64","LBSV":"269.5","LBSZ":"269.5"},"Timestamp":"2022-03-28T09:14:37.941932-07:00"}
{"Type":"Account Info","Data":{"Acct":{"Cash":"-1857","Positions":{"LBSJ":10,"LBSM":10,"LBSQ":0,"LBSV":10,"LBSZ":10}},"User":"2020"},"Timestamp":"2022-03-28T09:14:37.942017-07:00"}
{"Type":"MarkPrices","Data":{"LBSJ":"269","LBSM":"269","LBSQ":"294.64","LBSV":"269","LBSZ":"269"},"Timestamp":"2022-03-28T09:14:38.94077-07:00"}
{"Type":"Account Info","Data":{"Acct":{"Cash":"-1857","Positions":{"LBSJ":10,"LBSM":10,"LBSQ":0,"LBSV":10,"LBSZ":10}},"User":"2020"},"Timestamp":"2022-03-28T09:14:38.940942-07:00"}
{"Type":"MarkPrices","Data":{"LBSJ":"247.65","LBSM":"246.82","LBSQ":"261.4","LBSV":"268.5","LBSZ":"300.23"},"Timestamp":"2022-03-28T09:14:39.937636-07:00"}
{"Type":"Account Info","Data":{"Acct":{"Cash":"-1930","Positions":{"LBSJ":11,"LBSM":11,"LBSQ":10,"LBSV":10,"LBSZ":-1}},"User":"2020"},"Timestamp":"2022-03-28T09:14:39.937699-07:00"}
{"Type":"MarkPrices","Data":{"LBSJ":"268","LBSM":"268","LBSQ":"270","LBSV":"268","LBSZ":"300"},"Timestamp":"2022-03-28T09:14:40.942953-07:00"}
{"Type":"Account Info","Data":{"Acct":{"Cash":"-1930","Positions":{"LBSJ":11,"LBSM":11,"LBSQ":10,"LBSV":10,"LBSZ":-1}},"User":"2020"},"Timestamp":"2022-03-28T09:14:40.943083-07:00"}
{"Type":"MarkPrices","Data":{"LBSJ":"275.93","LBSM":"274.6","LBSQ":"261.4","LBSV":"277.92","LBSZ":"280.64"},"Timestamp":"2022-03-28T09:14:41.940934-07:00"}
{"Type":"Account Info","Data":{"Acct":{"Cash":"10524","Positions":{"LBSJ":0,"LBSM":0,"LBSQ":0,"LBSV":0,"LBSZ":-1}},"User":"2020"},"Timestamp":"2022-03-28T09:14:41.94127-07:00"}
{"Type":"MarkPrices","Data":{"LBSJ":"273.46","LBSM":"280.59","LBSQ":"262.17","LBSV":"270.04","LBSZ":"280.87"},"Timestamp":"2022-03-28T09:14:42.943339-07:00"}
{"Type":"Account Info","Data":{"Acct":{"Cash":"4324","Positions":{"LBSJ":10,"LBSM":0,"LBSQ":10,"LBSV":10,"LBSZ":-1}},"User":"2020"},"Timestamp":"2022-03-28T09:14:42.943441-07:00"}
{"Type":"MarkPrices","Data":{"LBSJ":"273.46","LBSM":"280.59","LBSQ":"262.17","LBSV":"270.04","LBSZ":"280.87"},"Timestamp":"2022-03-28T09:14:43.937692-07:00"}
{"Type":"Account Info","Data":{"Acct":{"Cash":"14384","Positions":{"LBSJ":0,"LBSM":0,"LBSQ":0,"LBSV":0,"LBSZ":-1}},"User":"2020"},"Timestamp":"2022-03-28T09:14:43.937915-07:00"}
{"Type":"MarkPrices","Data":{"LBSJ":"294.27","LBSM":"289.8","LBSQ":"295.02","LBSV":"293.45","LBSZ":"292.31"},"Timestamp":"2022-03-28T09:14:44.9419-07:00"}
{"Type":"Account Info","Data":{"Acct":{"Cash":"14384","Positions":{"LBSJ":0,"LBSM":0,"LBSQ":0,"LBSV":0,"LBSZ":-1}},"User":"2020"},"Timestamp":"2022-03-28T09:14:44.942052-07:00"}
{"Type":"MarkPrices","Data":{"LBSJ":"271.05","LBSM":"269.39","LBSQ":"267.79","LBSV":"274.37","LBSZ":"271.77"},"Timestamp":"2022-03-28T09:14:45.94204-07:00"}
{"Type":"Account Info","Data":{"Acct":{"Cash":"1384","Positions":{"LBSJ":10,"LBSM":10,"LBSQ":10,"LBSV":10,"LBSZ":9}},"User":"2020"},"Timestamp":"2022-03-28T09:14:45.942135-07:00"}
{"Type":"MarkPrices","Data":{"LBSJ":"269.26","LBSM":"267.58","LBSQ":"260.02","LBSV":"273.45","LBSZ":"271.05"},"Timestamp":"2022-03-28T09:14:46.937454-07:00"}
{"Type":"Account Info","Data":{"Acct":{"Cash":"15204","Positions":{"LBSJ":0,"LBSM":0,"LBSQ":0,"LBSV":0,"LBSZ":0}},"User":"2020"},"Timestamp":"2022-03-28T09:14:46.937949-07:00"}
{"Type":"MarkPrices","Data":{"LBSJ":"290.15","LBSM":"298.41","LBSQ":"295.93","LBSV":"293.87","LBSZ":"292.38"},"Timestamp":"2022-03-28T09:14:47.938852-07:00"}
{"Type":"Account Info","Data":{"Acct":{"Cash":"15204","Positions":{"LBSJ":0,"LBSM":0,"LBSQ":0,"LBSV":0,"LBSZ":0}},"User":"2020"},"Timestamp":"2022-03-28T09:14:47.938968-07:00"}
{"Type":"MarkPrices","Data":{"LBSJ":"295.68","LBSM":"293.53","LBSQ":"289.9","LBSV":"291.97","LBSZ":"295.6"},"Timestamp":"2022-03-28T09:14:48.941191-07:00"}
{"Type":"Account Info","Data":{"Acct":{"Cash":"15204","Positions":{"LBSJ":0,"LBSM":0,"LBSQ":0,"LBSV":0,"LBSZ":0}},"User":"2020"},"Timestamp":"2022-03-28T09:14:48.941532-07:00"}
{"Type":"MarkPrices","Data":{"LBSJ":"295.68","LBSM":"293.53","LBSQ":"289.9","LBSV":"291.97","LBSZ":"295.6"},"Timestamp":"2022-03-28T09:14:49.938774-07:00"}
{"Type":"Account Info","Data":{"Acct":{"Cash":"5604","Positions":{"LBSJ":10,"LBSM":0,"LBSQ":10,"LBSV":10,"LBSZ":10}},"User":"2020"},"Timestamp":"2022-03-28T09:14:49.938837-07:00"}
{"Type":"MarkPrices","Data":{"LBSJ":"277.22","LBSM":"284.72","LBSQ":"266.41","LBSV":"276.42","LBSZ":"262.7"},"Timestamp":"2022-03-28T09:14:50.937789-07:00"}
{"Type":"Account Info","Data":{"Acct":{"Cash":"17684","Positions":{"LBSJ":0,"LBSM":0,"LBSQ":0,"LBSV":0,"LBSZ":0}},"User":"2020"},"Timestamp":"2022-03-28T09:14:50.937887-07:00"}
{"Type":"MarkPrices","Data":{"LBSJ":"277.22","LBSM":"279.34","LBSQ":"266.41","LBSV":"294.72","LBSZ":"290.3"},"Timestamp":"2022-03-28T09:14:51.940135-07:00"}
{"Type":"Account Info","Data":{"Acct":{"Cash":"9884","Positions":{"LBSJ":10,"LBSM":10,"LBSQ":10,"LBSV":0,"LBSZ":0}},"User":"2020"},"Timestamp":"2022-03-28T09:14:51.940245-07:00"}
{"Type":"MarkPrices","Data":{"LBSJ":"270","LBSM":"270","LBSQ":"270","LBSV":"290.25","LBSZ":"291.86"},"Timestamp":"2022-03-28T09:14:52.941485-07:00"}
{"Type":"Account Info","Data":{"Acct":{"Cash":"9884","Positions":{"LBSJ":10,"LBSM":10,"LBSQ":10,"LBSV":0,"LBSZ":0}},"User":"2020"},"Timestamp":"2022-03-28T09:14:52.941687-07:00"}
{"Type":"MarkPrices","Data":{"LBSJ":"271.51","LBSM":"272.25","LBSQ":"263.72","LBSV":"260.34","LBSZ":"268.54"},"Timestamp":"2022-03-28T09:14:53.94201-07:00"}
{"Type":"Account Info","Data":{"Acct":{"Cash":"13111","Positions":{"LBSJ":0,"LBSM":0,"LBSQ":0,"LBSV":10,"LBSZ":10}},"User":"2020"},"Timestamp":"2022-03-28T09:14:53.942246-07:00"}
{"Type":"MarkPrices","Data":{"LBSJ":"294.88","LBSM":"298.26","LBSQ":"292.01","LBSV":"270","LBSZ":"270"},"Timestamp":"2022-03-28T09:14:54.940661-07:00"}
{"Type":"Account Info","Data":{"Acct":{"Cash":"13111","Positions":{"LBSJ":0,"LBSM":0,"LBSQ":0,"LBSV":10,"LBSZ":10}},"User":"2020"},"Timestamp":"2022-03-28T09:14:54.940856-07:00"}
{"Type":"MarkPrices","Data":{"LBSJ":"294.88","LBSM":"298.26","LBSQ":"292.01","LBSV":"269.5","LBSZ":"269.5"},"Timestamp":"2022-03-28T09:14:55.939462-07:00"}
{"Type":"Account Info","Data":{"Acct":{"Cash":"13111","Positions":{"LBSJ":0,"LBSM":0,"LBSQ":0,"LBSV":10,"LBSZ":10}},"User":"2020"},"Timestamp":"2022-03-28T09:14:55.939639-07:00"}
{"Type":"MarkPrices","Data":{"LBSJ":"272.88","LBSM":"267.65","LBSQ":"283.77","LBSV":"269.56","LBSZ":"292.01"},"Timestamp":"2022-03-28T09:14:56.938916-07:00"}
{"Type":"Account Info","Data":{"Acct":{"Cash":"15569","Positions":{"LBSJ":0,"LBSM":0,"LBSQ":0,"LBSV":10,"LBSZ":10}},"User":"2020"},"Timestamp":"2022-03-28T09:14:56.939333-07:00"}
{"Type":"MarkPrices","Data":{"LBSJ":"291.39","LBSM":"296.43","LBSQ":"300","LBSV":"270","LBSZ":"270"},"Timestamp":"2022-03-28T09:14:57.938157-07:00"}
{"Type":"Account Info","Data":{"Acct":{"Cash":"15569","Positions":{"LBSJ":0,"LBSM":0,"LBSQ":0,"LBSV":10,"LBSZ":10}},"User":"2020"},"Timestamp":"2022-03-28T09:14:57.93842-07:00"}
{"Type":"MarkPrices","Data":{"LBSJ":"269.72","LBSM":"294.66","LBSQ":"255.18","LBSV":"271.56","LBSZ":"271.57"},"Timestamp":"2022-03-28T09:14:58.937397-07:00"}
{"Type":"Account Info","Data":{"Acct":{"Cash":"16787","Positions":{"LBSJ":10,"LBSM":0,"LBSQ":10,"LBSV":0,"LBSZ":0}},"User":"2020"},"Timestamp":"2022-03-28T09:14:58.937448-07:00"}
{"Type":"MarkPrices","Data":{"LBSJ":"270","LBSM":"300","LBSQ":"270","LBSV":"291.35","LBSZ":"297.65"},"Timestamp":"2022-03-28T09:14:59.937419-07:00"}
{"Type":"Account Info","Data":{"Acct":{"Cash":"16787","Positions":{"LBSJ":10,"LBSM":0,"LBSQ":10,"LBSV":0,"LBSZ":0}},"User":"2020"},"Timestamp":"2022-03-28T09:14:59.937512-07:00"}
{"Type":"MarkPrices","Data":{"LBSJ":"269.5","LBSM":"294.98","LBSQ":"269.5","LBSV":"296.86","LBSZ":"292.11"},"Timestamp":"2022-03-28T09:15:00.939986-07:00"}
{"Type":"Account Info","Data":{"Acct":{"Cash":"16787","Positions":{"LBSJ":10,"LBSM":0,"LBSQ":10,"LBSV":0,"LBSZ":0}},"User":"2020"},"Timestamp":"2022-03-28T09:15:00.940227-07:00"}
{"Type":"MarkPrices","Data":{"LBSJ":"272.37","LBSM":"262.75","LBSQ":"274.48","LBSV":"269.31","LBSZ":"273.65"},"Timestamp":"2022-03-28T09:15:01.940857-07:00"}
{"Type":"Account Info","Data":{"Acct":{"Cash":"14583","Positions":{"LBSJ":0,"LBSM":10,"LBSQ":0,"LBSV":10,"LBSZ":10}},"User":"2020"},"Timestamp":"2022-03-28T09:15:01.941017-07:00"}
{"Type":"MarkPrices","Data":{"LBSJ":"282.82","LBSM":"279.42","LBSQ":"273.06","LBSV":"277.04","LBSZ":"267.65"},"Timestamp":"2022-03-28T09:15:02.940524-07:00"}
{"Type":"Account Info","Data":{"Acct":{"Cash":"21243","Positions":{"LBSJ":0,"LBSM":0,"LBSQ":10,"LBSV":0,"LBSZ":0}},"User":"2020"},"Timestamp":"2022-03-28T09:15:02.940881-07:00"}
{"Type":"MarkPrices","Data":{"LBSJ":"300","LBSM":"298.66","LBSQ":"270","LBSV":"296.9","LBSZ":"291.11"},"Timestamp":"2022-03-28T09:15:03.939898-07:00"}
{"Type":"Account Info","Data":{"Acct":{"Cash":"21243","Positions":{"LBSJ":0,"LBSM":0,"LBSQ":10,"LBSV":0,"LBSZ":0}},"User":"2020"},"Timestamp":"2022-03-28T09:15:03.94005-07:00"}
{"Type":"MarkPrices","Data":{"LBSJ":"290.89","LBSM":"291.6","LBSQ":"269.5","LBSV":"290.8","LBSZ":"300"},"Timestamp":"2022-03-28T09:15:04.940728-07:00"}
{"Type":"Account Info","Data":{"Acct":{"Cash":"21243","Positions":{"LBSJ":0,"LBSM":0,"LBSQ":10,"LBSV":0,"LBSZ":0}},"User":"2020"},"Timestamp":"2022-03-28T09:15:04.94078-07:00"}
{"Type":"MarkPrices","Data":{"LBSJ":"270","LBSM":"270","LBSQ":"293.86","LBSV":"270","LBSZ":"300"},"Timestamp":"2022-03-28T09:15:05.940378-07:00"}
{"Type":"Account Info","Data":{"Acct":{"Cash":"17052","Positions":{"LBSJ":10,"LBSM":10,"LBSQ":0,"LBSV":10,"LBSZ":0}},"User":"2020"},"Timestamp":"2022-03-28T09:15:05.940475-07:00"}
{"Type":"MarkPrices","Data":{"LBSJ":"269.5","LBSM":"269.5","LBSQ":"292.14","LBSV":"269.5","LBSZ":"292.55"},"Timestamp":"2022-03-28T09:15:06.940465-07:00"}
{"Type":"Account Info","Data":{"Acct":{"Cash":"17052","Positions":{"LBSJ":10,"LBSM":10,"LBSQ":0,"LBSV":10,"LBSZ":0}},"User":"2020"},"Timestamp":"2022-03-28T09:15:06.940548-07:00"}
{"Type":"MarkPrices","Data":{"LBSJ":"269","LBSM":"269","LBSQ":"292.14","LBSV":"269","LBSZ":"292.55"},"Timestamp":"2022-03-28T09:15:07.93867-07:00"}
{"Type":"Account Info","Data":{"Acct":{"Cash":"13932","Positions":{"LBSJ":11,"LBSM":11,"LBSQ":10,"LBSV":10,"LBSZ":0}},"User":"2020"},"Timestamp":"2022-03-28T09:15:07.938876-07:00"}
{"Type":"MarkPrices","Data":{"LBSJ":"268.65","LBSM":"274.16","LBSQ":"268.35","LBSV":"268.81","LBSZ":"270.78"},"Timestamp":"2022-03-28T09:15:08.94146-07:00"}
{"Type":"Account Info","Data":{"Acct":{"Cash":"23067","Positions":{"LBSJ":0,"LBSM":0,"LBSQ":0,"LBSV":0,"LBSZ":10}},"User":"2020"},"Timestamp":"2022-03-28T09:15:08.941501-07:00"}
{"Type":"MarkPrices","Data":{"LBSJ":"290.45","LBSM":"296.99","LBSQ":"291.77","LBSV":"295.7","LBSZ":"270"},"Timestamp":"2022-03-28T09:15:09.938557-07:00"}
{"Type":"Account Info","Data":{"Acct":{"Cash":"18347","Positions":{"LBSJ":10,"LBSM":10,"LBSQ":10,"LBSV":0,"LBSZ":-1}},"User":"2020"},"Timestamp":"2022-03-28T09:15:09.938623-07:00"}
{"Type":"MarkPrices","Data":{"LBSJ":"270","LBSM":"270","LBSQ":"270","LBSV":"294.28","LBSZ":"290.65"},"Timestamp":"2022-03-28T09:15:10.937292-07:00"}
{"Type":"Account Info","Data":{"Acct":{"Cash":"21607","Positions":{"LBSJ":0,"LBSM":0,"LBSQ":0,"LBSV":10,"LBSZ":9}},"User":"2020"},"Timestamp":"2022-03-28T09:15:10.937364-07:00"}
{"Type":"MarkPrices","Data":{"LBSJ":"294.3","LBSM":"290.83","LBSQ":"293.06","LBSV":"270","LBSZ":"270"},"Timestamp":"2022-03-28T09:15:11.94028-07:00"}
{"Type":"Account Info","Data":{"Acct":{"Cash":"21607","Positions":{"LBSJ":0,"LBSM":0,"LBSQ":0,"LBSV":10,"LBSZ":9}},"User":"2020"},"Timestamp":"2022-03-28T09:15:11.940345-07:00"}
{"Type":"MarkPrices","Data":{"LBSJ":"287.33","LBSM":"268.12","LBSQ":"270.31","LBSV":"273.88","LBSZ":"272.5"},"Timestamp":"2022-03-28T09:15:12.941087-07:00"}
{"Type":"Account Info","Data":{"Acct":{"Cash":"23807","Positions":{"LBSJ":0,"LBSM":0,"LBSQ":0,"LBSV":10,"LBSZ":10}},"User":"2020"},"Timestamp":"2022-03-28T09:15:12.941165-07:00"}
{"Type":"MarkPrices","Data":{"LBSJ":"300","LBSM":"292.4","LBSQ":"290.13","LBSV":"270","LBSZ":"270"},"Timestamp":"2022-03-28T09:15:13.938199-07:00"}
{"Type":"Account Info","Data":{"Acct":{"Cash":"23807","Positions":{"LBSJ":0,"LBSM":0,"LBSQ":0,"LBSV":10,"LBSZ":10}},"User":"2020"},"Timestamp":"2022-03-28T09:15:13.938444-07:00"}
{"Type":"MarkPrices","Data":{"LBSJ":"289.93","LBSM":"299.54","LBSQ":"300","LBSV":"269.5","LBSZ":"269.5"},"Timestamp":"2022-03-28T09:15:14.941147-07:00"}
{"Type":"Account Info","Data":{"Acct":{"Cash":"23807","Positions":{"LBSJ":0,"LBSM":0,"LBSQ":0,"LBSV":10,"LBSZ":10}},"User":"2020"},"Timestamp":"2022-03-28T09:15:14.941408-07:00"}
{"Type":"MarkPrices","Data":{"LBSJ":"270","LBSM":"270","LBSQ":"300","LBSV":"295.96","LBSZ":"300"},"Timestamp":"2022-03-28T09:15:15.938603-07:00"}
{"Type":"Account Info","Data":{"Acct":{"Cash":"25025","Positions":{"LBSJ":10,"LBSM":10,"LBSQ":0,"LBSV":0,"LBSZ":0}},"User":"2020"},"Timestamp":"2022-03-28T09:15:15.939009-07:00"}
{"Type":"MarkPrices","Data":{"LBSJ":"269.5","LBSM":"269.5","LBSQ":"293.16","LBSV":"294.41","LBSZ":"296.03"},"Timestamp":"2022-03-28T09:15:16.938644-07:00"}
{"Type":"Account Info","Data":{"Acct":{"Cash":"25025","Positions":{"LBSJ":10,"LBSM":10,"LBSQ":0,"LBSV":0,"LBSZ":0}},"User":"2020"},"Timestamp":"2022-03-28T09:15:16.938826-07:00"}
{"Type":"MarkPrices","Data":{"LBSJ":"269","LBSM":"269","LBSQ":"293.16","LBSV":"294.41","LBSZ":"296.03"},"Timestamp":"2022-03-28T09:15:17.938423-07:00"}
{"Type":"Account Info","Data":{"Acct":{"Cash":"25025","Positions":{"LBSJ":10,"LBSM":10,"LBSQ":0,"LBSV":0,"LBSZ":0}},"User":"2020"},"Timestamp":"2022-03-28T09:15:17.938586-07:00"}
{"Type":"MarkPrices","Data":{"LBSJ":"291.83","LBSM":"295.78","LBSQ":"270","LBSV":"270","LBSZ":"270"},"Timestamp":"2022-03-28T09:15:18.940557-07:00"}
{"Type":"Account Info","Data":{"Acct":{"Cash":"22821","Positions":{"LBSJ":0,"LBSM":0,"LBSQ":10,"LBSV":10,"LBSZ":10}},"User":"2020"},"Timestamp":"2022-03-28T09:15:18.940713-07:00"}
{"Type":"MarkPrices","Data":{"LBSJ":"291.83","LBSM":"295.78","LBSQ":"270","LBSV":"270","LBSZ":"270"},"Timestamp":"2022-03-28T09:15:19.939019-07:00"}
{"Type":"Account Info","Data":{"Acct":{"Cash":"22821","Positions":{"LBSJ":0,"LBSM":0,"LBSQ":10,"LBSV":10,"LBSZ":10}},"User":"2020"},"Timestamp":"2022-03-28T09:15:19.939083-07:00"}
{"Type":"MarkPrices","Data":{"LBSJ":"260.91","LBSM":"273.54","LBSQ":"272.04","LBSV":"282.02","LBSZ":"271.09"},"Timestamp":"2022-03-28T09:15:20.940997-07:00"}
{"Type":"Account Info","Data":{"Acct":{"Cash":"26048","Positions":{"LBSJ":10,"LBSM":10,"LBSQ":0,"LBSV":0,"LBSZ":0}},"User":"2020"},"Timestamp":"2022-03-28T09:15:20.941141-07:00"}
{"Type":"MarkPrices","Data":{"LBSJ":"237.37","LBSM":"250.86","LBSQ":"272.04","LBSV":"300","LBSZ":"290.12"},"Timestamp":"2022-03-28T09:15:21.937477-07:00"}
{"Type":"Account Info","Data":{"Acct":{"Cash":"22928","Positions":{"LBSJ":11,"LBSM":11,"LBSQ":10,"LBSV":0,"LBSZ":0}},"User":"2020"},"Timestamp":"2022-03-28T09:15:21.937544-07:00"}
{"Type":"MarkPrices","Data":{"LBSJ":"269.5","LBSM":"269.5","LBSQ":"270","LBSV":"289.66","LBSZ":"293.3"},"Timestamp":"2022-03-28T09:15:22.941093-07:00"}
{"Type":"Account Info","Data":{"Acct":{"Cash":"22928","Positions":{"LBSJ":11,"LBSM":11,"LBSQ":10,"LBSV":0,"LBSZ":0}},"User":"2020"},"Timestamp":"2022-03-28T09:15:22.941538-07:00"}
{"Type":"MarkPrices","Data":{"LBSJ":"269","LBSM":"269","LBSQ":"269.5","LBSV":"289.66","LBSZ":"293.3"},"Timestamp":"2022-03-28T09:15:23.942005-07:00"}
{"Type":"Account Info","Data":{"Acct":{"Cash":"22928","Positions":{"LBSJ":11,"LBSM":11,"LBSQ":10,"LBSV":0,"LBSZ":0}},"User":"2020"},"Timestamp":"2022-03-28T09:15:23.942162-07:00"}
{"Type":"MarkPrices","Data":{"LBSJ":"249.55","LBSM":"250.14","LBSQ":"248.7","LBSV":"300","LBSZ":"300"},"Timestamp":"2022-03-28T09:15:24.940814-07:00"}
{"Type":"Account Info","Data":{"Acct":{"Cash":"22148","Positions":{"LBSJ":12,"LBSM":12,"LBSQ":11,"LBSV":0,"LBSZ":0}},"User":"2020"},"Timestamp":"2022-03-28T09:15:24.940874-07:00"}
{"Type":"MarkPrices","Data":{"LBSJ":"249.05","LBSM":"249.64","LBSQ":"248.2","LBSV":"300","LBSZ":"300"},"Timestamp":"2022-03-28T09:15:25.942394-07:00"}
{"Type":"Account Info","Data":{"Acct":{"Cash":"21368","Positions":{"LBSJ":13,"LBSM":13,"LBSQ":12,"LBSV":0,"LBSZ":0}},"User":"2020"},"Timestamp":"2022-03-28T09:15:25.942884-07:00"}
{"Type":"MarkPrices","Data":{"LBSJ":"267.5","LBSM":"267.5","LBSQ":"268","LBSV":"291.38","LBSZ":"291.7"},"Timestamp":"2022-03-28T09:15:26.940626-07:00"}
{"Type":"Account Info","Data":{"Acct":{"Cash":"21368","Positions":{"LBSJ":13,"LBSM":13,"LBSQ":12,"LBSV":0,"LBSZ":0}},"User":"2020"},"Timestamp":"2022-03-28T09:15:26.940675-07:00"}
{"Type":"MarkPrices","Data":{"LBSJ":"267","LBSM":"267","LBSQ":"267.5","LBSV":"291.38","LBSZ":"291.7"},"Timestamp":"2022-03-28T09:15:27.937305-07:00"}
{"Type":"Account Info","Data":{"Acct":{"Cash":"21368","Positions":{"LBSJ":13,"LBSM":13,"LBSQ":12,"LBSV":0,"LBSZ":0}},"User":"2020"},"Timestamp":"2022-03-28T09:15:27.937358-07:00"}
{"Type":"MarkPrices","Data":{"LBSJ":"266.5","LBSM":"266.5","LBSQ":"267","LBSV":"300","LBSZ":"295.39"},"Timestamp":"2022-03-28T09:15:28.941445-07:00"}
{"Type":"Account Info","Data":{"Acct":{"Cash":"21368","Positions":{"LBSJ":13,"LBSM":13,"LBSQ":12,"LBSV":0,"LBSZ":0}},"User":"2020"},"Timestamp":"2022-03-28T09:15:28.94214-07:00"}
{"Type":"MarkPrices","Data":{"LBSJ":"266","LBSM":"266","LBSQ":"266.5","LBSV":"300","LBSZ":"295.39"},"Timestamp":"2022-03-28T09:15:29.937376-07:00"}
{"Type":"Account Info","Data":{"Acct":{"Cash":"21368","Positions":{"LBSJ":13,"LBSM":13,"LBSQ":12,"LBSV":0,"LBSZ":0}},"User":"2020"},"Timestamp":"2022-03-28T09:15:29.93746-07:00"}
{"Type":"MarkPrices","Data":{"LBSJ":"265.5","LBSM":"265.5","LBSQ":"266","LBSV":"291.93","LBSZ":"290.54"},"Timestamp":"2022-03-28T09:15:30.938556-07:00"}
{"Type":"Account Info","Data":{"Acct":{"Cash":"21368","Positions":{"LBSJ":13,"LBSM":13,"LBSQ":12,"LBSV":0,"LBSZ":0}},"User":"2020"},"Timestamp":"2022-03-28T09:15:30.938891-07:00"}
{"Type":"MarkPrices","Data":{"LBSJ":"246.64","LBSM":"244.57","LBSQ":"239.92","LBSV":"291.93","LBSZ":"290.54"},"Timestamp":"2022-03-28T09:15:31.93771-07:00"}
{"Type":"Account Info","Data":{"Acct":{"Cash":"20588","Positions":{"LBSJ":14,"LBSM":14,"LBSQ":13,"LBSV":0,"LBSZ":0}},"User":"2020"},"Timestamp":"2022-03-28T09:15:31.938208-07:00"}
{"Type":"MarkPrices","Data":{"LBSJ":"233.32","LBSM":"242.74","LBSQ":"244.3","LBSV":"294.31","LBSZ":"292.99"},"Timestamp":"2022-03-28T09:15:32.940945-07:00"}
{"Type":"Account Info","Data":{"Acct":{"Cash":"19808","Positions":{"LBSJ":15,"LBSM":15,"LBSQ":14,"LBSV":0,"LBSZ":0}},"User":"2020"},"Timestamp":"2022-03-28T09:15:32.941034-07:00"}
{"Type":"MarkPrices","Data":{"LBSJ":"264","LBSM":"264","LBSQ":"264.5","LBSV":"294.31","LBSZ":"292.99"},"Timestamp":"2022-03-28T09:15:33.940607-07:00"}
{"Type":"Account Info","Data":{"Acct":{"Cash":"19808","Positions":{"LBSJ":15,"LBSM":15,"LBSQ":14,"LBSV":0,"LBSZ":0}},"User":"2020"},"Timestamp":"2022-03-28T09:15:33.940766-07:00"}
{"Type":"MarkPrices","Data":{"LBSJ":"263.5","LBSM":"263.5","LBSQ":"264","LBSV":"289.66","LBSZ":"293.45"},"Timestamp":"2022-03-28T09:15:34.940163-07:00"}
{"Type":"Account Info","Data":{"Acct":{"Cash":"19808","Positions":{"LBSJ":15,"LBSM":15,"LBSQ":14,"LBSV":0,"LBSZ":0}},"User":"2020"},"Timestamp":"2022-03-28T09:15:34.940281-07:00"}
{"Type":"MarkPrices","Data":{"LBSJ":"293.2","LBSM":"295.86","LBSQ":"291.28","LBSV":"270","LBSZ":"270"},"Timestamp":"2022-03-28T09:15:35.941066-07:00"}
{"Type":"Account Info","Data":{"Acct":{"Cash":"26392","Positions":{"LBSJ":0,"LBSM":0,"LBSQ":0,"LBSV":10,"LBSZ":10}},"User":"2020"},"Timestamp":"2022-03-28T09:15:35.94149-07:00"}
{"Type":"MarkPrices","Data":{"LBSJ":"278.49","LBSM":"272.39","LBSQ":"273.38","LBSV":"272.81","LBSZ":"261.96"},"Timestamp":"2022-03-28T09:15:36.940849-07:00"}
{"Type":"Account Info","Data":{"Acct":{"Cash":"24210","Positions":{"LBSJ":10,"LBSM":10,"LBSQ":10,"LBSV":0,"LBSZ":0}},"User":"2020"},"Timestamp":"2022-03-28T09:15:36.941086-07:00"}
{"Type":"MarkPrices","Data":{"LBSJ":"270","LBSM":"270","LBSQ":"270","LBSV":"295.6","LBSZ":"290.38"},"Timestamp":"2022-03-28T09:15:37.938529-07:00"}
{"Type":"Account Info","Data":{"Acct":{"Cash":"24210","Positions":{"LBSJ":10,"LBSM":10,"LBSQ":10,"LBSV":0,"LBSZ":0}},"User":"2020"},"Timestamp":"2022-03-28T09:15:37.938838-07:00"}
{"Type":"MarkPrices","Data":{"LBSJ":"269.5","LBSM":"269.5","LBSQ":"269.5","LBSV":"300","LBSZ":"293.76"},"Timestamp":"2022-03-28T09:15:38.939212-07:00"}
{"Type":"Account Info","Data":{"Acct":{"Cash":"24210","Positions":{"LBSJ":10,"LBSM":10,"LBSQ":10,"LBSV":0,"LBSZ":0}},"User":"2020"},"Timestamp":"2022-03-28T09:15:38.939342-07:00"}
{"Type":"MarkPrices","Data":{"LBSJ":"269","LBSM":"269","LBSQ":"269","LBSV":"300","LBSZ":"293.76"},"Timestamp":"2022-03-28T09:15:39.938268-07:00"}
{"Type":"Account Info","Data":{"Acct":{"Cash":"24210","Positions":{"LBSJ":10,"LBSM":10,"LBSQ":10,"LBSV":0,"LBSZ":0}},"User":"2020"},"Timestamp":"2022-03-28T09:15:39.938533-07:00"}
{"Type":"MarkPrices","Data":{"LBSJ":"268.5","LBSM":"289.78","LBSQ":"291.14","LBSV":"289.64","LBSZ":"270"},"Timestamp":"2022-03-28T09:15:40.93792-07:00"}
{"Type":"Account Info","Data":{"Acct":{"Cash":"28006","Positions":{"LBSJ":10,"LBSM":0,"LBSQ":0,"LBSV":0,"LBSZ":10}},"User":"2020"},"Timestamp":"2022-03-28T09:15:40.938088-07:00"}
{"Type":"MarkPrices","Data":{"LBSJ":"268","LBSM":"270","LBSQ":"270","LBSV":"270","LBSZ":"292.98"},"Timestamp":"2022-03-28T09:15:41.938663-07:00"}
{"Type":"Account Info","Data":{"Acct":{"Cash":"23026","Positions":{"LBSJ":10,"LBSM":10,"LBSQ":10,"LBSV":10,"LBSZ":0}},"User":"2020"},"Timestamp":"2022-03-28T09:15:41.938902-07:00"}
{"Type":"MarkPrices","Data":{"LBSJ":"267.5","LBSM":"269.5","LBSQ":"269.5","LBSV":"269.5","LBSZ":"290.72"},"Timestamp":"2022-03-28T09:15:42.940572-07:00"}
{"Type":"Account Info","Data":{"Acct":{"Cash":"22506","Positions":{"LBSJ":10,"LBSM":11,"LBSQ":11,"LBSV":10,"LBSZ":0}},"User":"2020"},"Timestamp":"2022-03-28T09:15:42.940868-07:00"}
{"Type":"MarkPrices","Data":{"LBSJ":"267","LBSM":"269","LBSQ":"269","LBSV":"269","LBSZ":"290.72"},"Timestamp":"2022-03-28T09:15:43.938163-07:00"}
{"Type":"Account Info","Data":{"Acct":{"Cash":"28856","Positions":{"LBSJ":10,"LBSM":0,"LBSQ":0,"LBSV":0,"LBSZ":10}},"User":"2020"},"Timestamp":"2022-03-28T09:15:43.938337-07:00"}
{"Type":"MarkPrices","Data":{"LBSJ":"266.5","LBSM":"293.82","LBSQ":"290.12","LBSV":"290.3","LBSZ":"270"},"Timestamp":"2022-03-28T09:15:44.937571-07:00"}
{"Type":"Account Info","Data":{"Acct":{"Cash":"28856","Positions":{"LBSJ":10,"LBSM":0,"LBSQ":0,"LBSV":0,"LBSZ":10}},"User":"2020"},"Timestamp":"2022-03-28T09:15:44.938083-07:00"}
{"Type":"MarkPrices","Data":{"LBSJ":"266","LBSM":"270","LBSQ":"270","LBSV":"290.3","LBSZ":"291.09"},"Timestamp":"2022-03-28T09:15:45.937961-07:00"}
{"Type":"Account Info","Data":{"Acct":{"Cash":"26736","Positions":{"LBSJ":10,"LBSM":10,"LBSQ":10,"LBSV":0,"LBSZ":-1}},"User":"2020"},"Timestamp":"2022-03-28T09:15:45.938338-07:00"}
{"Type":"MarkPrices","Data":{"LBSJ":"265.5","LBSM":"269.5","LBSQ":"269.5","LBSV":"291.32","LBSZ":"290.37"},"Timestamp":"2022-03-28T09:15:46.93819-07:00"}
{"Type":"Account Info","Data":{"Acct":{"Cash":"26216","Positions":{"LBSJ":10,"LBSM":11,"LBSQ":11,"LBSV":0,"LBSZ":-1}},"User":"2020"},"Timestamp":"2022-03-28T09:15:46.938272-07:00"}
{"Type":"MarkPrices","Data":{"LBSJ":"265","LBSM":"269","LBSQ":"269","LBSV":"291.32","LBSZ":"290.37"},"Timestamp":"2022-03-28T09:15:47.941226-07:00"}
{"Type":"Account Info","Data":{"Acct":{"Cash":"26216","Positions":{"LBSJ":10,"LBSM":11,"LBSQ":11,"LBSV":0,"LBSZ":-1}},"User":"2020"},"Timestamp":"2022-03-28T09:15:47.941504-07:00"}
{"Type":"MarkPrices","Data":{"LBSJ":"264.5","LBSM":"249.86","LBSQ":"239.55","LBSV":"271.79","LBSZ":"268.42"},"Timestamp":"2022-03-28T09:15:48.941212-07:00"}
{"Type":"Account Info","Data":{"Acct":{"Cash":"27168","Positions":{"LBSJ":10,"LBSM":0,"LBSQ":0,"LBSV":10,"LBSZ":9}},"User":"2020"},"Timestamp":"2022-03-28T09:15:48.94341-07:00"}
{"Type":"MarkPrices","Data":{"LBSJ":"264","LBSM":"298.15","LBSQ":"293.77","LBSV":"270","LBSZ":"270"},"Timestamp":"2022-03-28T09:15:49.93846-07:00"}
{"Type":"Account Info","Data":{"Acct":{"Cash":"27168","Positions":{"LBSJ":10,"LBSM":0,"LBSQ":0,"LBSV":10,"LBSZ":9}},"User":"2020"},"Timestamp":"2022-03-28T09:15:49.938739-07:00"}
{"Type":"MarkPrices","Data":{"LBSJ":"263.5","LBSM":"289.97","LBSQ":"297.93","LBSV":"269.5","LBSZ":"269.5"},"Timestamp":"2022-03-28T09:15:50.940495-07:00"}
{"Type":"Account Info","Data":{"Acct":{"Cash":"27168","Positions":{"LBSJ":10,"LBSM":0,"LBSQ":0,"LBSV":10,"LBSZ":9}},"User":"2020"},"Timestamp":"2022-03-28T09:15:50.940627-07:00"}
{"Type":"MarkPrices","Data":{"LBSJ":"263","LBSM":"270","LBSQ":"270","LBSV":"269","LBSZ":"295.52"},"Timestamp":"2022-03-28T09:15:51.938143-07:00"}
{"Type":"Account Info","Data":{"Acct":{"Cash":"24758","Positions":{"LBSJ":10,"LBSM":10,"LBSQ":10,"LBSV":10,"LBSZ":-1}},"User":"2020"},"Timestamp":"2022-03-28T09:15:51.938538-07:00"}
{"Type":"MarkPrices","Data":{"LBSJ":"262.5","LBSM":"269.5","LBSQ":"269.5","LBSV":"268.5","LBSZ":"291.83"},"Timestamp":"2022-03-28T09:15:52.940811-07:00"}
{"Type":"Account Info","Data":{"Acct":{"Cash":"24758","Positions":{"LBSJ":10,"LBSM":10,"LBSQ":10,"LBSV":10,"LBSZ":-1}},"User":"2020"},"Timestamp":"2022-03-28T09:15:52.941211-07:00"}
{"Type":"MarkPrices","Data":{"LBSJ":"262","LBSM":"269","LBSQ":"269","LBSV":"268","LBSZ":"291.83"},"Timestamp":"2022-03-28T09:15:53.937982-07:00"}
{"Type":"Account Info","Data":{"Acct":{"Cash":"24238","Positions":{"LBSJ":10,"LBSM":11,"LBSQ":11,"LBSV":10,"LBSZ":-1}},"User":"2020"},"Timestamp":"2022-03-28T09:15:53.938564-07:00"}
{"Type":"MarkPrices","Data":{"LBSJ":"261.5","LBSM":"268.5","LBSQ":"268.5","LBSV":"267.5","LBSZ":"300"},"Timestamp":"2022-03-28T09:15:54.939683-07:00"}
{"Type":"Account Info","Data":{"Acct":{"Cash":"24238","Positions":{"LBSJ":10,"LBSM":11,"LBSQ":11,"LBSV":10,"LBSZ":-1}},"User":"2020"},"Timestamp":"2022-03-28T09:15:54.940179-07:00"}
{"Type":"MarkPrices","Data":{"LBSJ":"261.5","LBSM":"282.1","LBSQ":"270.42","LBSV":"263.33","LBSZ":"285.16"},"Timestamp":"2022-03-28T09:15:55.941992-07:00"}
{"Type":"Account Info","Data":{"Acct":{"Cash":"33931","Positions":{"LBSJ":10,"LBSM":0,"LBSQ":0,"LBSV":0,"LBSZ":-1}},"User":"2020"},"Timestamp":"2022-03-28T09:15:55.942169-07:00"}
{"Type":"MarkPrices","Data":{"LBSJ":"261","LBSM":"291.38","LBSQ":"297.31","LBSV":"296.9","LBSZ":"300"},"Timestamp":"2022-03-28T09:15:56.94058-07:00"}
{"Type":"Account Info","Data":{"Acct":{"Cash":"33931","Positions":{"LBSJ":10,"LBSM":0,"LBSQ":0,"LBSV":0,"LBSZ":-1}},"User":"2020"},"Timestamp":"2022-03-28T09:15:56.94128-07:00"}
{"Type":"MarkPrices","Data":{"LBSJ":"260.5","LBSM":"272.45","LBSQ":"273.3","LBSV":"269.96","LBSZ":"282.36"},"Timestamp":"2022-03-28T09:15:57.937209-07:00"}
{"Type":"Account Info","Data":{"Acct":{"Cash":"26931","Positions":{"LBSJ":10,"LBSM":10,"LBSQ":10,"LBSV":10,"LBSZ":-1}},"User":"2020"},"Timestamp":"2022-03-28T09:15:57.93731-07:00"}
{"Type":"MarkPrices","Data":{"LBSJ":"240.28","LBSM":"246.92","LBSQ":"222.69","LBSV":"270","LBSZ":"290.47"},"Timestamp":"2022-03-28T09:15:58.940805-07:00"}
{"Type":"Account Info","Data":{"Acct":{"Cash":"26411","Positions":{"LBSJ":10,"LBSM":11,"LBSQ":11,"LBSV":10,"LBSZ":-1}},"User":"2020"},"Timestamp":"2022-03-28T09:15:58.940974-07:00"}
{"Type":"MarkPrices","Data":{"LBSJ":"239.78","LBSM":"269.5","LBSQ":"269.5","LBSV":"269.5","LBSZ":"290.47"},"Timestamp":"2022-03-28T09:15:59.937056-07:00"}
{"Type":"Account Info","Data":{"Acct":{"Cash":"29747","Positions":{"LBSJ":10,"LBSM":-1,"LBSQ":11,"LBSV":10,"LBSZ":-1}},"User":"2020"},"Timestamp":"2022-03-28T09:15:59.937214-07:00"}
{"Type":"MarkPrices","Data":{"LBSJ":"239.28","LBSM":"268.52","LBSQ":"275.87","LBSV":"283.75","LBSZ":"270.81"},"Timestamp":"2022-03-28T09:16:00.940978-07:00"}
{"Type":"Account Info","Data":{"Acct":{"Cash":"32761","Positions":{"LBSJ":10,"LBSM":0,"LBSQ":0,"LBSV":0,"LBSZ":9}},"User":"2020"},"Timestamp":"2022-03-28T09:16:00.941449-07:00"}
{"Type":"MarkPrices","Data":{"LBSJ":"238.78","LBSM":"268.52","LBSQ":"275.87","LBSV":"300","LBSZ":"289.79"},"Timestamp":"2022-03-28T09:16:01.938229-07:00"}
{"Type":"Account Info","Data":{"Acct":{"Cash":"30901","Positions":{"LBSJ":10,"LBSM":10,"LBSQ":10,"LBSV":0,"LBSZ":0}},"User":"2020"},"Timestamp":"2022-03-28T09:16:01.93832-07:00"}
{"Type":"MarkPrices","Data":{"LBSJ":"238.28","LBSM":"244.02","LBSQ":"249.58","LBSV":"300","LBSZ":"289.79"},"Timestamp":"2022-03-28T09:16:02.937395-07:00"}
{"Type":"Account Info","Data":{"Acct":{"Cash":"30381","Positions":{"LBSJ":10,"LBSM":11,"LBSQ":11,"LBSV":0,"LBSZ":0}},"User":"2020"},"Timestamp":"2022-03-28T09:16:02.937616-07:00"}
{"Type":"MarkPrices","Data":{"LBSJ":"237.78","LBSM":"269.5","LBSQ":"269.5","LBSV":"290.91","LBSZ":"299.88"},"Timestamp":"2022-03-28T09:16:03.941839-07:00"}
{"Type":"Account Info","Data":{"Acct":{"Cash":"30381","Positions":{"LBSJ":10,"LBSM":11,"LBSQ":11,"LBSV":0,"LBSZ":0}},"User":"2020"},"Timestamp":"2022-03-28T09:16:03.942063-07:00"}
{"Type":"MarkPrices","Data":{"LBSJ":"237.28","LBSM":"269","LBSQ":"269","LBSV":"290.91","LBSZ":"299.88"},"Timestamp":"2022-03-28T09:16:04.940628-07:00"}
{"Type":"Account Info","Data":{"Acct":{"Cash":"30381","Positions":{"LBSJ":10,"LBSM":11,"LBSQ":11,"LBSV":0,"LBSZ":0}},"User":"2020"},"Timestamp":"2022-03-28T09:16:04.94068-07:00"}
{"Type":"MarkPrices","Data":{"LBSJ":"236.78","LBSM":"268.5","LBSQ":"268.5","LBSV":"292.59","LBSZ":"300"},"Timestamp":"2022-03-28T09:16:05.938197-07:00"}
{"Type":"Account Info","Data":{"Acct":{"Cash":"30381","Positions":{"LBSJ":10,"LBSM":11,"LBSQ":11,"LBSV":0,"LBSZ":0}},"User":"2020"},"Timestamp":"2022-03-28T09:16:05.938508-07:00"}
{"Type":"MarkPrices","Data":{"LBSJ":"236.28","LBSM":"247.8","LBSQ":"249.77","LBSV":"292.59","LBSZ":"300"},"Timestamp":"2022-03-28T09:16:06.94085-07:00"}
{"Type":"Account Info","Data":{"Acct":{"Cash":"29861","Positions":{"LBSJ":10,"LBSM":12,"LBSQ":12,"LBSV":0,"LBSZ":0}},"User":"2020"},"Timestamp":"2022-03-28T09:16:06.940972-07:00"}
{"Type":"MarkPrices","Data":{"LBSJ":"235.78","LBSM":"247.52","LBSQ":"249.11","LBSV":"300","LBSZ":"291.34"},"Timestamp":"2022-03-28T09:16:07.938246-07:00"}
{"Type":"Account Info","Data":{"Acct":{"Cash":"29341","Positions":{"LBSJ":10,"LBSM":13,"LBSQ":13,"LBSV":0,"LBSZ":0}},"User":"2020"},"Timestamp":"2022-03-28T09:16:07.938668-07:00"}
{"Type":"MarkPrices","Data":{"LBSJ":"235.28","LBSM":"267","LBSQ":"267","LBSV":"300","LBSZ":"291.34"},"Timestamp":"2022-03-28T09:16:08.939127-07:00"}
{"Type":"Account Info","Data":{"Acct":{"Cash":"29341","Positions":{"LBSJ":10,"LBSM":13,"LBSQ":13,"LBSV":0,"LBSZ":0}},"User":"2020"},"Timestamp":"2022-03-28T09:16:08.939223-07:00"}
{"Type":"MarkPrices","Data":{"LBSJ":"234.78","LBSM":"266.5","LBSQ":"266.5","LBSV":"290.12","LBSZ":"293.18"},"Timestamp":"2022-03-28T09:16:09.938632-07:00"}
{"Type":"Account Info","Data":{"Acct":{"Cash":"29341","Positions":{"LBSJ":10,"LBSM":13,"LBSQ":13,"LBSV":0,"LBSZ":0}},"User":"2020"},"Timestamp":"2022-03-28T09:16:09.938816-07:00"}
{"Type":"MarkPrices","Data":{"LBSJ":"234.28","LBSM":"246.64","LBSQ":"246.51","LBSV":"290.12","LBSZ":"293.18"},"Timestamp":"2022-03-28T09:16:10.940693-07:00"}
{"Type":"Account Info","Data":{"Acct":{"Cash":"28821","Positions":{"LBSJ":10,"LBSM":14,"LBSQ":14,"LBSV":0,"LBSZ":0}},"User":"2020"},"Timestamp":"2022-03-28T09:16:10.941036-07:00"}
{"Type":"MarkPrices","Data":{"LBSJ":"233.78","LBSM":"265.5","LBSQ":"265.5","LBSV":"293.25","LBSZ":"294.74"},"Timestamp":"2022-03-28T09:16:11.939387-07:00"}
{"Type":"Account Info","Data":{"Acct":{"Cash":"28821","Positions":{"LBSJ":10,"LBSM":14,"LBSQ":14,"LBSV":0,"LBSZ":0}},"User":"2020"},"Timestamp":"2022-03-28T09:16:11.939746-07:00"}
{"Type":"MarkPrices","Data":{"LBSJ":"233.28","LBSM":"259.69","LBSQ":"273.19","LBSV":"273.93","LBSZ":"271.36"},"Timestamp":"2022-03-28T09:16:12.940463-07:00"}
{"Type":"Account Info","Data":{"Acct":{"Cash":"31201","Positions":{"LBSJ":10,"LBSM":0,"LBSQ":0,"LBSV":10,"LBSZ":10}},"User":"2020"},"Timestamp":"2022-03-28T09:16:12.940754-07:00"}
{"Type":"MarkPrices","Data":{"LBSJ":"232.78","LBSM":"295.47","LBSQ":"292.19","LBSV":"270","LBSZ":"270"},"Timestamp":"2022-03-28T09:16:13.938437-07:00"}
{"Type":"Account Info","Data":{"Acct":{"Cash":"31201","Positions":{"LBSJ":10,"LBSM":0,"LBSQ":0,"LBSV":10,"LBSZ":10}},"User":"2020"},"Timestamp":"2022-03-28T09:16:13.938708-07:00"}
{"Type":"MarkPrices","Data":{"LBSJ":"232.28","LBSM":"273.15","LBSQ":"261.94","LBSV":"251.11","LBSZ":"272.73"},"Timestamp":"2022-03-28T09:16:14.939952-07:00"}
{"Type":"Account Info","Data":{"Acct":{"Cash":"31619","Positions":{"LBSJ":10,"LBSM":10,"LBSQ":10,"LBSV":0,"LBSZ":0}},"User":"2020"},"Timestamp":"2022-03-28T09:16:14.940323-07:00"}
{"Type":"MarkPrices","Data":{"LBSJ":"231.78","LBSM":"270","LBSQ":"270","LBSV":"296.26","LBSZ":"296.19"},"Timestamp":"2022-03-28T09:16:15.937884-07:00"}
{"Type":"Account Info","Data":{"Acct":{"Cash":"31619","Positions":{"LBSJ":10,"LBSM":10,"LBSQ":10,"LBSV":0,"LBSZ":0}},"User":"2020"},"Timestamp":"2022-03-28T09:16:15.938248-07:00"}
{"Type":"MarkPrices","Data":{"LBSJ":"231.28","LBSM":"290.54","LBSQ":"291.03","LBSV":"270","LBSZ":"270"},"Timestamp":"2022-03-28T09:16:16.940582-07:00"}
{"Type":"Account Info","Data":{"Acct":{"Cash":"32059","Positions":{"LBSJ":10,"LBSM":0,"LBSQ":0,"LBSV":10,"LBSZ":10}},"User":"2020"},"Timestamp":"2022-03-28T09:16:16.940713-07:00"}
{"Type":"MarkPrices","Data":{"LBSJ":"230.78","LBSM":"297.13","LBSQ":"290.08","LBSV":"269.5","LBSZ":"269.5"},"Timestamp":"2022-03-28T09:16:17.938014-07:00"}
{"Type":"Account Info","Data":{"Acct":{"Cash":"32059","Positions":{"LBSJ":10,"LBSM":0,"LBSQ":0,"LBSV":10,"LBSZ":10}},"User":"2020"},"Timestamp":"2022-03-28T09:16:17.938342-07:00"}
{"Type":"MarkPrices","Data":{"LBSJ":"230.28","LBSM":"270","LBSQ":"270","LBSV":"300","LBSZ":"300"},"Timestamp":"2022-03-28T09:16:18.940828-07:00"}
{"Type":"Account Info","Data":{"Acct":{"Cash":"32477","Positions":{"LBSJ":10,"LBSM":10,"LBSQ":10,"LBSV":0,"LBSZ":0}},"User":"2020"},"Timestamp":"2022-03-28T09:16:18.940945-07:00"}
{"Type":"MarkPrices","Data":{"LBSJ":"229.78","LBSM":"269.5","LBSQ":"236.67","LBSV":"289.9","LBSZ":"293.13"},"Timestamp":"2022-03-28T09:16:19.937385-07:00"}
{"Type":"Account Info","Data":{"Acct":{"Cash":"32217","Positions":{"LBSJ":10,"LBSM":10,"LBSQ":11,"LBSV":0,"LBSZ":0}},"User":"2020"},"Timestamp":"2022-03-28T09:16:19.937541-07:00"}
{"Type":"MarkPrices","Data":{"LBSJ":"229.28","LBSM":"269","LBSQ":"264.88","LBSV":"270.07","LBSZ":"274.76"},"Timestamp":"2022-03-28T09:16:20.938217-07:00"}
{"Type":"Account Info","Data":{"Acct":{"Cash":"30093","Positions":{"LBSJ":10,"LBSM":10,"LBSQ":0,"LBSV":10,"LBSZ":10}},"User":"2020"},"Timestamp":"2022-03-28T09:16:20.938507-07:00"}
{"Type":"MarkPrices","Data":{"LBSJ":"228.78","LBSM":"268.5","LBSQ":"298.17","LBSV":"270","LBSZ":"270"},"Timestamp":"2022-03-28T09:16:21.941113-07:00"}
{"Type":"Account Info","Data":{"Acct":{"Cash":"30093","Positions":{"LBSJ":10,"LBSM":10,"LBSQ":0,"LBSV":10,"LBSZ":10}},"User":"2020"},"Timestamp":"2022-03-28T09:16:21.94159-07:00"}
{"Type":"MarkPrices","Data":{"LBSJ":"228.28","LBSM":"268","LBSQ":"270","LBSV":"269.5","LBSZ":"291.74"},"Timestamp":"2022-03-28T09:16:22.936865-07:00"}
{"Type":"Account Info","Data":{"Acct":{"Cash":"30573","Positions":{"LBSJ":10,"LBSM":10,"LBSQ":10,"LBSV":10,"LBSZ":-1}},"User":"2020"},"Timestamp":"2022-03-28T09:16:22.937036-07:00"}
{"Type":"MarkPrices","Data":{"LBSJ":"227.78","LBSM":"267.5","LBSQ":"269.5","LBSV":"269","LBSZ":"292.99"},"Timestamp":"2022-03-28T09:16:23.938079-07:00"}
{"Type":"Account Info","Data":{"Acct":{"Cash":"30573","Positions":{"LBSJ":10,"LBSM":10,"LBSQ":10,"LBSV":10,"LBSZ":-1}},"User":"2020"},"Timestamp":"2022-03-28T09:16:23.938203-07:00"}
{"Type":"MarkPrices","Data":{"LBSJ":"227.28","LBSM":"267","LBSQ":"269","LBSV":"268.5","LBSZ":"292.99"},"Timestamp":"2022-03-28T09:16:24.937804-07:00"}
{"Type":"Account Info","Data":{"Acct":{"Cash":"30573","Positions":{"LBSJ":10,"LBSM":10,"LBSQ":10,"LBSV":10,"LBSZ":-1}},"User":"2020"},"Timestamp":"2022-03-28T09:16:24.938281-07:00"}
{"Type":"MarkPrices","Data":{"LBSJ":"226.78","LBSM":"266.5","LBSQ":"268.5","LBSV":"268","LBSZ":"291.2"},"Timestamp":"2022-03-28T09:16:25.938167-07:00"}
{"Type":"Account Info","Data":{"Acct":{"Cash":"30313","Positions":{"LBSJ":10,"LBSM":10,"LBSQ":11,"LBSV":10,"LBSZ":-1}},"User":"2020"},"Timestamp":"2022-03-28T09:16:25.9383-07:00"}
{"Type":"MarkPrices","Data":{"LBSJ":"226.28","LBSM":"266","LBSQ":"268","LBSV":"267.5","LBSZ":"291.2"},"Timestamp":"2022-03-28T09:16:26.941839-07:00"}
{"Type":"Account Info","Data":{"Acct":{"Cash":"30313","Positions":{"LBSJ":10,"LBSM":10,"LBSQ":11,"LBSV":10,"LBSZ":-1}},"User":"2020"},"Timestamp":"2022-03-28T09:16:26.941896-07:00"}
{"Type":"MarkPrices","Data":{"LBSJ":"225.78","LBSM":"265.5","LBSQ":"267.5","LBSV":"267","LBSZ":"291.64"},"Timestamp":"2022-03-28T09:16:27.936947-07:00"}
{"Type":"Account Info","Data":{"Acct":{"Cash":"30313","Positions":{"LBSJ":10,"LBSM":10,"LBSQ":11,"LBSV":10,"LBSZ":-1}},"User":"2020"},"Timestamp":"2022-03-28T09:16:27.937007-07:00"}
{"Type":"MarkPrices","Data":{"LBSJ":"225.78","LBSM":"265.5","LBSQ":"267.5","LBSV":"267","LBSZ":"291.64"},"Timestamp":"2022-03-28T09:16:28.9368-07:00"}
{"Type":"Account Info","Data":{"Acct":{"Cash":"30313","Positions":{"LBSJ":10,"LBSM":10,"LBSQ":11,"LBSV":10,"LBSZ":-1}},"User":"2020"},"Timestamp":"2022-03-28T09:16:28.936911-07:00"}
{"Type":"MarkPrices","Data":{"LBSJ":"225.28","LBSM":"265","LBSQ":"267","LBSV":"266.5","LBSZ":"291.32"},"Timestamp":"2022-03-28T09:16:29.937162-07:00"}
{"Type":"Account Info","Data":{"Acct":{"Cash":"30313","Positions":{"LBSJ":10,"LBSM":10,"LBSQ":11,"LBSV":10,"LBSZ":-1}},"User":"2020"},"Timestamp":"2022-03-28T09:16:29.937363-07:00"}
{"Type":"MarkPrices","Data":{"LBSJ":"224.78","LBSM":"264.5","LBSQ":"266.5","LBSV":"266","LBSZ":"291.32"},"Timestamp":"2022-03-28T09:16:30.94045-07:00"}
{"Type":"Account Info","Data":{"Acct":{"Cash":"30313","Positions":{"LBSJ":10,"LBSM":10,"LBSQ":11,"LBSV":10,"LBSZ":-1}},"User":"2020"},"Timestamp":"2022-03-28T09:16:30.940587-07:00"}
{"Type":"MarkPrices","Data":{"LBSJ":"224.28","LBSM":"264","LBSQ":"263.95","LBSV":"273.83","LBSZ":"268.94"},"Timestamp":"2022-03-28T09:16:31.940382-07:00"}
{"Type":"Account Info","Data":{"Acct":{"Cash":"33438","Positions":{"LBSJ":10,"LBSM":10,"LBSQ":0,"LBSV":0,"LBSZ":9}},"User":"2020"},"Timestamp":"2022-03-28T09:16:31.940733-07:00"}
{"Type":"MarkPrices","Data":{"LBSJ":"223.78","LBSM":"263.5","LBSQ":"263.95","LBSV":"273.83","LBSZ":"268.94"},"Timestamp":"2022-03-28T09:16:32.941508-07:00"}
{"Type":"Account Info","Data":{"Acct":{"Cash":"30778","Positions":{"LBSJ":10,"LBSM":10,"LBSQ":10,"LBSV":10,"LBSZ":0}},"User":"2020"},"Timestamp":"2022-03-28T09:16:32.94156-07:00"}
{"Type":"MarkPrices","Data":{"LBSJ":"223.28","LBSM":"263","LBSQ":"250.88","LBSV":"270","LBSZ":"290.78"},"Timestamp":"2022-03-28T09:16:33.940971-07:00"}
{"Type":"Account Info","Data":{"Acct":{"Cash":"30518","Positions":{"LBSJ":10,"LBSM":10,"LBSQ":11,"LBSV":10,"LBSZ":0}},"User":"2020"},"Timestamp":"2022-03-28T09:16:33.941089-07:00"}
{"Type":"MarkPrices","Data":{"LBSJ":"222.78","LBSM":"262.5","LBSQ":"269.5","LBSV":"269.5","LBSZ":"290.78"},"Timestamp":"2022-03-28T09:16:34.93686-07:00"}
{"Type":"Account Info","Data":{"Acct":{"Cash":"30518","Positions":{"LBSJ":10,"LBSM":10,"LBSQ":11,"LBSV":10,"LBSZ":0}},"User":"2020"},"Timestamp":"2022-03-28T09:16:34.936963-07:00"}
{"Type":"MarkPrices","Data":{"LBSJ":"222.28","LBSM":"262","LBSQ":"269","LBSV":"269","LBSZ":"300"},"Timestamp":"2022-03-28T09:16:35.937987-07:00"}
{"Type":"Account Info","Data":{"Acct":{"Cash":"30518","Positions":{"LBSJ":10,"LBSM":10,"LBSQ":11,"LBSV":10,"LBSZ":0}},"User":"2020"},"Timestamp":"2022-03-28T09:16:35.938076-07:00"}
{"Type":"MarkPrices","Data":{"LBSJ":"221.78","LBSM":"261.5","LBSQ":"245.53","LBSV":"268.5","LBSZ":"300"},"Timestamp":"2022-03-28T09:16:36.93986-07:00"}
{"Type":"Account Info","Data":{"Acct":{"Cash":"30258","Positions":{"LBSJ":10,"LBSM":10,"LBSQ":12,"LBSV":10,"LBSZ":0}},"User":"2020"},"Timestamp":"2022-03-28T09:16:36.940053-07:00"}
{"Type":"MarkPrices","Data":{"LBSJ":"221.28","LBSM":"261","LBSQ":"240.12","LBSV":"268","LBSZ":"292.16"},"Timestamp":"2022-03-28T09:16:37.93916-07:00"}
{"Type":"Account Info","Data":{"Acct":{"Cash":"29998","Positions":{"LBSJ":10,"LBSM":10,"LBSQ":13,"LBSV":10,"LBSZ":0}},"User":"2020"},"Timestamp":"2022-03-28T09:16:37.939221-07:00"}
{"Type":"MarkPrices","Data":{"LBSJ":"220.78","LBSM":"260.5","LBSQ":"239.62","LBSV":"267.5","LBSZ":"292.16"},"Timestamp":"2022-03-28T09:16:38.941536-07:00"}
{"Type":"Account Info","Data":{"Acct":{"Cash":"29738","Positions":{"LBSJ":10,"LBSM":10,"LBSQ":14,"LBSV":10,"LBSZ":0}},"User":"2020"},"Timestamp":"2022-03-28T09:16:38.941572-07:00"}
{"Type":"MarkPrices","Data":{"LBSJ":"278.49","LBSM":"239.31","LBSQ":"267","LBSV":"267","LBSZ":"289.84"},"Timestamp":"2022-03-28T09:16:39.940371-07:00"}
{"Type":"Account Info","Data":{"Acct":{"Cash":"32164.16","Positions":{"LBSJ":-1,"LBSM":10,"LBSQ":14,"LBSV":10,"LBSZ":0}},"User":"2020"},"Timestamp":"2022-03-28T09:16:39.940514-07:00"}
{"Type":"MarkPrices","Data":{"LBSJ":"298.21","LBSM":"238.81","LBSQ":"266.5","LBSV":"266.5","LBSZ":"289.84"},"Timestamp":"2022-03-28T09:16:40.940042-07:00"}
{"Type":"Account Info","Data":{"Acct":{"Cash":"36142.16","Positions":{"LBSJ":-1,"LBSM":10,"LBSQ":0,"LBSV":0,"LBSZ":10}},"User":"2020"},"Timestamp":"2022-03-28T09:16:40.940168-07:00"}
{"Type":"MarkPrices","Data":{"LBSJ":"298.21","LBSM":"238.31","LBSQ":"291.58","LBSV":"298.4","LBSZ":"270"},"Timestamp":"2022-03-28T09:16:41.940836-07:00"}
{"Type":"Account Info","Data":{"Acct":{"Cash":"36142.16","Positions":{"LBSJ":-1,"LBSM":10,"LBSQ":0,"LBSV":0,"LBSZ":10}},"User":"2020"},"Timestamp":"2022-03-28T09:16:41.940917-07:00"}
{"Type":"MarkPrices","Data":{"LBSJ":"298.21","LBSM":"237.81","LBSQ":"291.58","LBSV":"298.4","LBSZ":"269.5"},"Timestamp":"2022-03-28T09:16:42.939931-07:00"}
{"Type":"Account Info","Data":{"Acct":{"Cash":"36142.16","Positions":{"LBSJ":-1,"LBSM":10,"LBSQ":0,"LBSV":0,"LBSZ":10}},"User":"2020"},"Timestamp":"2022-03-28T09:16:42.940163-07:00"}
{"Type":"MarkPrices","Data":{"LBSJ":"298.21","LBSM":"237.31","LBSQ":"274.86","LBSV":"290.75","LBSZ":"291.33"},"Timestamp":"2022-03-28T09:16:43.941763-07:00"}
{"Type":"Account Info","Data":{"Acct":{"Cash":"36600.16","Positions":{"LBSJ":-1,"LBSM":10,"LBSQ":10,"LBSV":0,"LBSZ":-1}},"User":"2020"},"Timestamp":"2022-03-28T09:16:43.942091-07:00"}
{"Type":"MarkPrices","Data":{"LBSJ":"298.21","LBSM":"236.81","LBSQ":"270","LBSV":"290.75","LBSZ":"291.33"},"Timestamp":"2022-03-28T09:16:44.939837-07:00"}
{"Type":"Account Info","Data":{"Acct":{"Cash":"36340.16","Positions":{"LBSJ":-1,"LBSM":10,"LBSQ":11,"LBSV":0,"LBSZ":-1}},"User":"2020"},"Timestamp":"2022-03-28T09:16:44.940107-07:00"}
{"Type":"MarkPrices","Data":{"LBSJ":"298.21","LBSM":"236.31","LBSQ":"248.21","LBSV":"292.49","LBSZ":"298.1"},"Timestamp":"2022-03-28T09:16:45.938764-07:00"}
{"Type":"Account Info","Data":{"Acct":{"Cash":"36080.16","Positions":{"LBSJ":-1,"LBSM":10,"LBSQ":12,"LBSV":0,"LBSZ":-1}},"User":"2020"},"Timestamp":"2022-03-28T09:16:45.938979-07:00"}
{"Type":"MarkPrices","Data":{"LBSJ":"298.21","LBSM":"235.81","LBSQ":"269.62","LBSV":"271.19","LBSZ":"274.11"},"Timestamp":"2022-03-28T09:16:46.942657-07:00"}
{"Type":"Account Info","Data":{"Acct":{"Cash":"34234.16","Positions":{"LBSJ":-1,"LBSM":10,"LBSQ":0,"LBSV":10,"LBSZ":9}},"User":"2020"},"Timestamp":"2022-03-28T09:16:46.94282-07:00"}
{"Type":"MarkPrices","Data":{"LBSJ":"298.21","LBSM":"235.31","LBSQ":"293.99","LBSV":"270","LBSZ":"270"},"Timestamp":"2022-03-28T09:16:47.940193-07:00"}
{"Type":"Account Info","Data":{"Acct":{"Cash":"34234.16","Positions":{"LBSJ":-1,"LBSM":10,"LBSQ":0,"LBSV":10,"LBSZ":9}},"User":"2020"},"Timestamp":"2022-03-28T09:16:47.940272-07:00"}
{"Type":"MarkPrices","Data":{"LBSJ":"298.21","LBSM":"234.81","LBSQ":"273.55","LBSV":"278.32","LBSZ":"270.96"},"Timestamp":"2022-03-28T09:16:48.937908-07:00"}
{"Type":"Account Info","Data":{"Acct":{"Cash":"36973.16","Positions":{"LBSJ":-1,"LBSM":10,"LBSQ":10,"LBSV":0,"LBSZ":0}},"User":"2020"},"Timestamp":"2022-03-28T09:16:48.938191-07:00"}
{"Type":"MarkPrices","Data":{"LBSJ":"298.21","LBSM":"234.31","LBSQ":"270","LBSV":"289.75","LBSZ":"292.89"},"Timestamp":"2022-03-28T09:16:49.941478-07:00"}
{"Type":"Account Info","Data":{"Acct":{"Cash":"36973.16","Positions":{"LBSJ":-1,"LBSM":10,"LBSQ":10,"LBSV":0,"LBSZ":0}},"User":"2020"},"Timestamp":"2022-03-28T09:16:49.941596-07:00"}
{"Type":"MarkPrices","Data":{"LBSJ":"298.21","LBSM":"233.81","LBSQ":"265.11","LBSV":"267.75","LBSZ":"269.72"},"Timestamp":"2022-03-28T09:16:50.939008-07:00"}
{"Type":"Account Info","Data":{"Acct":{"Cash":"34582.16","Positions":{"LBSJ":-1,"LBSM":10,"LBSQ":0,"LBSV":10,"LBSZ":10}},"User":"2020"},"Timestamp":"2022-03-28T09:16:50.93934-07:00"}
{"Type":"MarkPrices","Data":{"LBSJ":"298.21","LBSM":"233.31","LBSQ":"300","LBSV":"270","LBSZ":"270"},"Timestamp":"2022-03-28T09:16:51.939275-07:00"}
{"Type":"Account Info","Data":{"Acct":{"Cash":"34582.16","Positions":{"LBSJ":-1,"LBSM":10,"LBSQ":0,"LBSV":10,"LBSZ":10}},"User":"2020"},"Timestamp":"2022-03-28T09:16:51.939353-07:00"}
{"Type":"MarkPrices","Data":{"LBSJ":"298.21","LBSM":"232.81","LBSQ":"259.33","LBSV":"276.22","LBSZ":"253.09"},"Timestamp":"2022-03-28T09:16:52.936664-07:00"}
{"Type":"Account Info","Data":{"Acct":{"Cash":"40022.16","Positions":{"LBSJ":-1,"LBSM":10,"LBSQ":0,"LBSV":0,"LBSZ":10}},"User":"2020"},"Timestamp":"2022-03-28T09:16:52.936833-07:00"}
{"Type":"MarkPrices","Data":{"LBSJ":"298.21","LBSM":"232.31","LBSQ":"291.33","LBSV":"295.16","LBSZ":"270"},"Timestamp":"2022-03-28T09:16:53.941014-07:00"}
{"Type":"Account Info","Data":{"Acct":{"Cash":"40022.16","Positions":{"LBSJ":-1,"LBSM":10,"LBSQ":0,"LBSV":0,"LBSZ":10}},"User":"2020"},"Timestamp":"2022-03-28T09:16:53.941222-07:00"}
{"Type":"MarkPrices","Data":{"LBSJ":"298.21","LBSM":"231.81","LBSQ":"291.33","LBSV":"295.16","LBSZ":"269.5"},"Timestamp":"2022-03-28T09:16:54.936918-07:00"}
{"Type":"Account Info","Data":{"Acct":{"Cash":"37631.16","Positions":{"LBSJ":-1,"LBSM":10,"LBSQ":10,"LBSV":10,"LBSZ":0}},"User":"2020"},"Timestamp":"2022-03-28T09:16:54.936967-07:00"}
{"Type":"MarkPrices","Data":{"LBSJ":"298.21","LBSM":"231.31","LBSQ":"270","LBSV":"270","LBSZ":"289.76"},"Timestamp":"2022-03-28T09:16:55.940782-07:00"}
{"Type":"Account Info","Data":{"Acct":{"Cash":"37371.16","Positions":{"LBSJ":-1,"LBSM":10,"LBSQ":11,"LBSV":10,"LBSZ":0}},"User":"2020"},"Timestamp":"2022-03-28T09:16:55.941255-07:00"}
{"Type":"MarkPrices","Data":{"LBSJ":"298.21","LBSM":"230.81","LBSQ":"269.5","LBSV":"269.5","LBSZ":"289.76"},"Timestamp":"2022-03-28T09:16:56.941395-07:00"}
{"Type":"Account Info","Data":{"Acct":{"Cash":"37371.16","Positions":{"LBSJ":-1,"LBSM":10,"LBSQ":11,"LBSV":10,"LBSZ":0}},"User":"2020"},"Timestamp":"2022-03-28T09:16:56.941685-07:00"}
{"Type":"MarkPrices","Data":{"LBSJ":"298.21","LBSM":"230.31","LBSQ":"269","LBSV":"269","LBSZ":"294.14"},"Timestamp":"2022-03-28T09:16:57.937585-07:00"}
{"Type":"Account Info","Data":{"Acct":{"Cash":"37111.16","Positions":{"LBSJ":-1,"LBSM":10,"LBSQ":12,"LBSV":10,"LBSZ":0}},"User":"2020"},"Timestamp":"2022-03-28T09:16:57.937692-07:00"}
{"Type":"MarkPrices","Data":{"LBSJ":"298.21","LBSM":"229.81","LBSQ":"268.5","LBSV":"268.5","LBSZ":"294.14"},"Timestamp":"2022-03-28T09:16:58.940653-07:00"}
{"Type":"Account Info","Data":{"Acct":{"Cash":"37111.16","Positions":{"LBSJ":-1,"LBSM":10,"LBSQ":12,"LBSV":10,"LBSZ":0}},"User":"2020"},"Timestamp":"2022-03-28T09:16:58.940944-07:00"}
{"Type":"MarkPrices","Data":{"LBSJ":"298.21","LBSM":"229.31","LBSQ":"268","LBSV":"268","LBSZ":"289.94"},"Timestamp":"2022-03-28T09:16:59.937273-07:00"}
{"Type":"Account Info","Data":{"Acct":{"Cash":"37111.16","Positions":{"LBSJ":-1,"LBSM":10,"LBSQ":12,"LBSV":10,"LBSZ":0}},"User":"2020"},"Timestamp":"2022-03-28T09:16:59.937417-07:00"}
{"Type":"MarkPrices","Data":{"LBSJ":"298.21","LBSM":"228.81","LBSQ":"267.5","LBSV":"267.5","LBSZ":"289.94"},"Timestamp":"2022-03-28T09:17:00.940506-07:00"}
{"Type":"Account Info","Data":{"Acct":{"Cash":"37111.16","Positions":{"LBSJ":-1,"LBSM":10,"LBSQ":12,"LBSV":10,"LBSZ":0}},"User":"2020"},"Timestamp":"2022-03-28T09:17:00.94096-07:00"}
{"Type":"MarkPrices","Data":{"LBSJ":"298.21","LBSM":"228.31","LBSQ":"267","LBSV":"292.26","LBSZ":"270"},"Timestamp":"2022-03-28T09:17:01.937118-07:00"}
{"Type":"Account Info","Data":{"Acct":{"Cash":"37496.16","Positions":{"LBSJ":-1,"LBSM":10,"LBSQ":12,"LBSV":10,"LBSZ":0}},"User":"2020"},"Timestamp":"2022-03-28T09:17:01.937255-07:00"}
{"Type":"MarkPrices","Data":{"LBSJ":"298.21","LBSM":"227.81","LBSQ":"266.5","LBSV":"270","LBSZ":"291.01"},"Timestamp":"2022-03-28T09:17:02.939904-07:00"}
{"Type":"Account Info","Data":{"Acct":{"Cash":"37496.16","Positions":{"LBSJ":-1,"LBSM":10,"LBSQ":12,"LBSV":10,"LBSZ":0}},"User":"2020"},"Timestamp":"2022-03-28T09:17:02.940058-07:00"}
{"Type":"MarkPrices","Data":{"LBSJ":"298.21","LBSM":"227.81","LBSQ":"266.5","LBSV":"272.42","LBSZ":"265.4"},"Timestamp":"2022-03-28T09:17:03.936522-07:00"}
{"Type":"Account Info","Data":{"Acct":{"Cash":"37716.16","Positions":{"LBSJ":-1,"LBSM":10,"LBSQ":12,"LBSV":0,"LBSZ":10}},"User":"2020"},"Timestamp":"2022-03-28T09:17:03.936603-07:00"}
{"Type":"MarkPrices","Data":{"LBSJ":"298.21","LBSM":"227.31","LBSQ":"266","LBSV":"292.73","LBSZ":"270"},"Timestamp":"2022-03-28T09:17:04.937419-07:00"}
{"Type":"Account Info","Data":{"Acct":{"Cash":"37716.16","Positions":{"LBSJ":-1,"LBSM":10,"LBSQ":12,"LBSV":0,"LBSZ":10}},"User":"2020"},"Timestamp":"2022-03-28T09:17:04.93769-07:00"}
{"Type":"MarkPrices","Data":{"LBSJ":"298.21","LBSM":"226.81","LBSQ":"265.5","LBSV":"276","LBSZ":"264.33"},"Timestamp":"2022-03-28T09:17:05.940451-07:00"}
{"Type":"Account Info","Data":{"Acct":{"Cash":"37925.16","Positions":{"LBSJ":-1,"LBSM":10,"LBSQ":12,"LBSV":10,"LBSZ":0}},"User":"2020"},"Timestamp":"2022-03-28T09:17:05.940614-07:00"}
{"Type":"MarkPrices","Data":{"LBSJ":"298.21","LBSM":"226.31","LBSQ":"265","LBSV":"270","LBSZ":"293.14"},"Timestamp":"2022-03-28T09:17:06.940524-07:00"}
{"Type":"Account Info","Data":{"Acct":{"Cash":"38134.16","Positions":{"LBSJ":-1,"LBSM":10,"LBSQ":12,"LBSV":0,"LBSZ":10}},"User":"2020"},"Timestamp":"2022-03-28T09:17:06.940947-07:00"}
{"Type":"MarkPrices","Data":{"LBSJ":"298.21","LBSM":"225.81","LBSQ":"264.5","LBSV":"273.77","LBSZ":"269.78"},"Timestamp":"2022-03-28T09:17:07.940416-07:00"}
{"Type":"Account Info","Data":{"Acct":{"Cash":"38134.16","Positions":{"LBSJ":-1,"LBSM":10,"LBSQ":12,"LBSV":0,"LBSZ":10}},"User":"2020"},"Timestamp":"2022-03-28T09:17:07.940614-07:00"}
{"Type":"MarkPrices","Data":{"LBSJ":"298.21","LBSM":"225.31","LBSQ":"264","LBSV":"273.77","LBSZ":"269.78"},"Timestamp":"2022-03-28T09:17:08.940251-07:00"}
{"Type":"Account Info","Data":{"Acct":{"Cash":"38354.16","Positions":{"LBSJ":-1,"LBSM":10,"LBSQ":12,"LBSV":10,"LBSZ":0}},"User":"2020"},"Timestamp":"2022-03-28T09:17:08.940337-07:00"}
{"Type":"MarkPrices","Data":{"LBSJ":"298.21","LBSM":"224.81","LBSQ":"263.5","LBSV":"270","LBSZ":"298.2"},"Timestamp":"2022-03-28T09:17:09.936837-07:00"}
{"Type":"Account Info","Data":{"Acct":{"Cash":"38354.16","Positions":{"LBSJ":-1,"LBSM":10,"LBSQ":12,"LBSV":10,"LBSZ":0}},"User":"2020"},"Timestamp":"2022-03-28T09:17:09.936966-07:00"}
{"Type":"MarkPrices","Data":{"LBSJ":"298.21","LBSM":"224.31","LBSQ":"263","LBSV":"269.5","LBSZ":"298.2"},"Timestamp":"2022-03-28T09:17:10.939535-07:00"}
{"Type":"Account Info","Data":{"Acct":{"Cash":"38354.16","Positions":{"LBSJ":-1,"LBSM":10,"LBSQ":12,"LBSV":10,"LBSZ":0}},"User":"2020"},"Timestamp":"2022-03-28T09:17:10.93959-07:00"}
{"Type":"MarkPrices","Data":{"LBSJ":"298.21","LBSM":"223.81","LBSQ":"262.5","LBSV":"269","LBSZ":"293.42"},"Timestamp":"2022-03-28T09:17:11.936561-07:00"}
{"Type":"Account Info","Data":{"Acct":{"Cash":"38354.16","Positions":{"LBSJ":-1,"LBSM":10,"LBSQ":12,"LBSV":10,"LBSZ":0}},"User":"2020"},"Timestamp":"2022-03-28T09:17:11.936646-07:00"}
{"Type":"MarkPrices","Data":{"LBSJ":"298.21","LBSM":"223.31","LBSQ":"262","LBSV":"268.5","LBSZ":"293.42"},"Timestamp":"2022-03-28T09:17:12.939501-07:00"}
{"Type":"Account Info","Data":{"Acct":{"Cash":"38354.16","Positions":{"LBSJ":-1,"LBSM":10,"LBSQ":12,"LBSV":10,"LBSZ":0}},"User":"2020"},"Timestamp":"2022-03-28T09:17:12.939893-07:00"}
{"Type":"MarkPrices","Data":{"LBSJ":"298.21","LBSM":"222.81","LBSQ":"261.5","LBSV":"271.23","LBSZ":"281.37"},"Timestamp":"2022-03-28T09:17:13.941288-07:00"}
{"Type":"Account Info","Data":{"Acct":{"Cash":"38530.16","Positions":{"LBSJ":-1,"LBSM":10,"LBSQ":12,"LBSV":0,"LBSZ":10}},"User":"2020"},"Timestamp":"2022-03-28T09:17:13.941553-07:00"}
{"Type":"MarkPrices","Data":{"LBSJ":"298.21","LBSM":"222.31","LBSQ":"261","LBSV":"292.65","LBSZ":"270"},"Timestamp":"2022-03-28T09:17:14.939849-07:00"}
{"Type":"Account Info","Data":{"Acct":{"Cash":"38530.16","Positions":{"LBSJ":-1,"LBSM":10,"LBSQ":12,"LBSV":0,"LBSZ":10}},"User":"2020"},"Timestamp":"2022-03-28T09:17:14.939908-07:00"}
{"Type":"MarkPrices","Data":{"LBSJ":"298.21","LBSM":"221.81","LBSQ":"260.5","LBSV":"295.12","LBSZ":"296.99"},"Timestamp":"2022-03-28T09:17:15.936837-07:00"}
{"Type":"Account Info","Data":{"Acct":{"Cash":"41599.16","Positions":{"LBSJ":-1,"LBSM":10,"LBSQ":12,"LBSV":0,"LBSZ":-1}},"User":"2020"},"Timestamp":"2022-03-28T09:17:15.937138-07:00"}
{"Type":"MarkPrices","Data":{"LBSJ":"298.21","LBSM":"221.31","LBSQ":"238.38","LBSV":"295.12","LBSZ":"296.99"},"Timestamp":"2022-03-28T09:17:16.941252-07:00"}
{"Type":"Account Info","Data":{"Acct":{"Cash":"36399.16","Positions":{"LBSJ":-1,"LBSM":10,"LBSQ":12,"LBSV":10,"LBSZ":9}},"User":"2020"},"Timestamp":"2022-03-28T09:17:16.941456-07:00"}
{"Type":"MarkPrices","Data":{"LBSJ":"298.21","LBSM":"220.81","LBSQ":"237.88","LBSV":"270","LBSZ":"270"},"Timestamp":"2022-03-28T09:17:17.936932-07:00"}
{"Type":"Account Info","Data":{"Acct":{"Cash":"36399.16","Positions":{"LBSJ":-1,"LBSM":10,"LBSQ":12,"LBSV":10,"LBSZ":9}},"User":"2020"},"Timestamp":"2022-03-28T09:17:17.937079-07:00"}
{"Type":"MarkPrices","Data":{"LBSJ":"298.21","LBSM":"220.31","LBSQ":"237.38","LBSV":"268.69","LBSZ":"270.79"},"Timestamp":"2022-03-28T09:17:18.940296-07:00"}
{"Type":"Account Info","Data":{"Acct":{"Cash":"41738.16","Positions":{"LBSJ":-1,"LBSM":10,"LBSQ":12,"LBSV":0,"LBSZ":0}},"User":"2020"},"Timestamp":"2022-03-28T09:17:18.940538-07:00"}
{"Type":"MarkPrices","Data":{"LBSJ":"298.21","LBSM":"219.81","LBSQ":"236.88","LBSV":"297.06","LBSZ":"291.73"},"Timestamp":"2022-03-28T09:17:19.937161-07:00"}
{"Type":"Account Info","Data":{"Acct":{"Cash":"41738.16","Positions":{"LBSJ":-1,"LBSM":10,"LBSQ":12,"LBSV":0,"LBSZ":0}},"User":"2020"},"Timestamp":"2022-03-28T09:17:19.937391-07:00"}
{"Type":"MarkPrices","Data":{"LBSJ":"298.21","LBSM":"219.31","LBSQ":"236.38","LBSV":"266.73","LBSZ":"271.43"},"Timestamp":"2022-03-28T09:17:20.941189-07:00"}
{"Type":"Account Info","Data":{"Acct":{"Cash":"36538.16","Positions":{"LBSJ":-1,"LBSM":10,"LBSQ":12,"LBSV":10,"LBSZ":10}},"User":"2020"},"Timestamp":"2022-03-28T09:17:20.941374-07:00"}
{"Type":"MarkPrices","Data":{"LBSJ":"298.21","LBSM":"218.81","LBSQ":"235.88","LBSV":"270","LBSZ":"270"},"Timestamp":"2022-03-28T09:17:21.941645-07:00"}
{"Type":"Account Info","Data":{"Acct":{"Cash":"36538.16","Positions":{"LBSJ":-1,"LBSM":10,"LBSQ":12,"LBSV":10,"LBSZ":10}},"User":"2020"},"Timestamp":"2022-03-28T09:17:21.942941-07:00"}
{"Type":"MarkPrices","Data":{"LBSJ":"298.21","LBSM":"276.44","LBSQ":"235.38","LBSV":"269.5","LBSZ":"269.5"},"Timestamp":"2022-03-28T09:17:22.940382-07:00"}
{"Type":"Account Info","Data":{"Acct":{"Cash":"44560.98","Positions":{"LBSJ":-1,"LBSM":-1,"LBSQ":12,"LBSV":0,"LBSZ":0}},"User":"2020"},"Timestamp":"2022-03-28T09:17:22.940476-07:00"}
{"Type":"MarkPrices","Data":{"LBSJ":"298.21","LBSM":"297.13","LBSQ":"234.88","LBSV":"298.02","LBSZ":"291.78"},"Timestamp":"2022-03-28T09:17:23.937565-07:00"}
{"Type":"Account Info","Data":{"Acct":{"Cash":"44560.98","Positions":{"LBSJ":-1,"LBSM":-1,"LBSQ":12,"LBSV":0,"LBSZ":0}},"User":"2020"},"Timestamp":"2022-03-28T09:17:23.937952-07:00"}
{"Type":"MarkPrices","Data":{"LBSJ":"298.21","LBSM":"297.13","LBSQ":"234.38","LBSV":"270","LBSZ":"270"},"Timestamp":"2022-03-28T09:17:24.940387-07:00"}
{"Type":"Account Info","Data":{"Acct":{"Cash":"42440.98","Positions":{"LBSJ":-1,"LBSM":-1,"LBSQ":12,"LBSV":10,"LBSZ":-1}},"User":"2020"},"Timestamp":"2022-03-28T09:17:24.940437-07:00"}
{"Type":"MarkPrices","Data":{"LBSJ":"298.21","LBSM":"297.13","LBSQ":"233.88","LBSV":"269.5","LBSZ":"289.77"},"Timestamp":"2022-03-28T09:17:25.941245-07:00"}
{"Type":"Account Info","Data":{"Acct":{"Cash":"42440.98","Positions":{"LBSJ":-1,"LBSM":-1,"LBSQ":12,"LBSV":10,"LBSZ":-1}},"User":"2020"},"Timestamp":"2022-03-28T09:17:25.941445-07:00"}
{"Type":"MarkPrices","Data":{"LBSJ":"298.21","LBSM":"297.13","LBSQ":"233.38","LBSV":"290.01","LBSZ":"270"},"Timestamp":"2022-03-28T09:17:26.941432-07:00"}
{"Type":"Account Info","Data":{"Acct":{"Cash":"42649.98","Positions":{"LBSJ":-1,"LBSM":-1,"LBSQ":12,"LBSV":0,"LBSZ":9}},"User":"2020"},"Timestamp":"2022-03-28T09:17:26.941677-07:00"}
{"Type":"MarkPrices","Data":{"LBSJ":"298.21","LBSM":"297.13","LBSQ":"232.88","LBSV":"289.96","LBSZ":"269.5"},"Timestamp":"2022-03-28T09:17:27.940469-07:00"}
{"Type":"Account Info","Data":{"Acct":{"Cash":"42649.98","Positions":{"LBSJ":-1,"LBSM":-1,"LBSQ":12,"LBSV":0,"LBSZ":9}},"User":"2020"},"Timestamp":"2022-03-28T09:17:27.940621-07:00"}
{"Type":"MarkPrices","Data":{"LBSJ":"298.21","LBSM":"297.13","LBSQ":"232.38","LBSV":"289.96","LBSZ":"269"},"Timestamp":"2022-03-28T09:17:28.940561-07:00"}
{"Type":"Account Info","Data":{"Acct":{"Cash":"42649.98","Positions":{"LBSJ":-1,"LBSM":-1,"LBSQ":12,"LBSV":0,"LBSZ":9}},"User":"2020"},"Timestamp":"2022-03-28T09:17:28.940646-07:00"}
{"Type":"MarkPrices","Data":{"LBSJ":"298.21","LBSM":"297.13","LBSQ":"231.88","LBSV":"298.44","LBSZ":"268.5"},"Timestamp":"2022-03-28T09:17:29.940496-07:00"}
{"Type":"Account Info","Data":{"Acct":{"Cash":"42649.98","Positions":{"LBSJ":-1,"LBSM":-1,"LBSQ":12,"LBSV":0,"LBSZ":9}},"User":"2020"},"Timestamp":"2022-03-28T09:17:29.940733-07:00"}
{"Type":"MarkPrices","Data":{"LBSJ":"298.21","LBSM":"297.13","LBSQ":"231.38","LBSV":"298.44","LBSZ":"268"},"Timestamp":"2022-03-28T09:17:30.941234-07:00"}
{"Type":"Account Info","Data":{"Acct":{"Cash":"42649.98","Positions":{"LBSJ":-1,"LBSM":-1,"LBSQ":12,"LBSV":0,"LBSZ":9}},"User":"2020"},"Timestamp":"2022-03-28T09:17:30.941378-07:00"}
{"Type":"MarkPrices","Data":{"LBSJ":"298.21","LBSM":"297.13","LBSQ":"230.88","LBSV":"270","LBSZ":"293.93"},"Timestamp":"2022-03-28T09:17:31.936821-07:00"}
{"Type":"Account Info","Data":{"Acct":{"Cash":"42549.98","Positions":{"LBSJ":-1,"LBSM":-1,"LBSQ":12,"LBSV":10,"LBSZ":0}},"User":"2020"},"Timestamp":"2022-03-28T09:17:31.9369-07:00"}
{"Type":"MarkPrices","Data":{"LBSJ":"298.21","LBSM":"297.13","LBSQ":"230.38","LBSV":"269.5","LBSZ":"293.93"},"Timestamp":"2022-03-28T09:17:32.940368-07:00"}
{"Type":"Account Info","Data":{"Acct":{"Cash":"42758.98","Positions":{"LBSJ":-1,"LBSM":-1,"LBSQ":12,"LBSV":0,"LBSZ":10}},"User":"2020"},"Timestamp":"2022-03-28T09:17:32.940618-07:00"}
{"Type":"MarkPrices","Data":{"LBSJ":"298.21","LBSM":"297.13","LBSQ":"229.88","LBSV":"297.55","LBSZ":"270"},"Timestamp":"2022-03-28T09:17:33.940572-07:00"}
{"Type":"Account Info","Data":{"Acct":{"Cash":"42978.98","Positions":{"LBSJ":-1,"LBSM":-1,"LBSQ":12,"LBSV":10,"LBSZ":0}},"User":"2020"},"Timestamp":"2022-03-28T09:17:33.940651-07:00"}
{"Type":"MarkPrices","Data":{"LBSJ":"298.21","LBSM":"297.13","LBSQ":"229.38","LBSV":"270","LBSZ":"296.76"},"Timestamp":"2022-03-28T09:17:34.939469-07:00"}
{"Type":"Account Info","Data":{"Acct":{"Cash":"42978.98","Positions":{"LBSJ":-1,"LBSM":-1,"LBSQ":12,"LBSV":10,"LBSZ":0}},"User":"2020"},"Timestamp":"2022-03-28T09:17:34.939786-07:00"}
{"Type":"MarkPrices","Data":{"LBSJ":"298.21","LBSM":"297.13","LBSQ":"228.88","LBSV":"292.7","LBSZ":"270"},"Timestamp":"2022-03-28T09:17:35.937344-07:00"}
{"Type":"Account Info","Data":{"Acct":{"Cash":"43418.98","Positions":{"LBSJ":-1,"LBSM":-1,"LBSQ":12,"LBSV":10,"LBSZ":0}},"User":"2020"},"Timestamp":"2022-03-28T09:17:35.93741-07:00"}
{"Type":"MarkPrices","Data":{"LBSJ":"298.21","LBSM":"297.13","LBSQ":"228.38","LBSV":"270","LBSZ":"292.57"},"Timestamp":"2022-03-28T09:17:36.939945-07:00"}
{"Type":"Account Info","Data":{"Acct":{"Cash":"43418.98","Positions":{"LBSJ":-1,"LBSM":-1,"LBSQ":12,"LBSV":10,"LBSZ":0}},"User":"2020"},"Timestamp":"2022-03-28T09:17:36.940015-07:00"}
{"Type":"MarkPrices","Data":{"LBSJ":"298.21","LBSM":"297.13","LBSQ":"227.88","LBSV":"269.5","LBSZ":"289.82"},"Timestamp":"2022-03-28T09:17:37.93958-07:00"}
{"Type":"Account Info","Data":{"Acct":{"Cash":"43418.98","Positions":{"LBSJ":-1,"LBSM":-1,"LBSQ":12,"LBSV":10,"LBSZ":0}},"User":"2020"},"Timestamp":"2022-03-28T09:17:37.939849-07:00"}
{"Type":"MarkPrices","Data":{"LBSJ":"298.21","LBSM":"297.13","LBSQ":"227.38","LBSV":"269","LBSZ":"289.82"},"Timestamp":"2022-03-28T09:17:38.936919-07:00"}
{"Type":"Account Info","Data":{"Acct":{"Cash":"43418.98","Positions":{"LBSJ":-1,"LBSM":-1,"LBSQ":12,"LBSV":10,"LBSZ":0}},"User":"2020"},"Timestamp":"2022-03-28T09:17:38.937054-07:00"}
{"Type":"MarkPrices","Data":{"LBSJ":"298.21","LBSM":"297.13","LBSQ":"226.88","LBSV":"292.08","LBSZ":"270"},"Timestamp":"2022-03-28T09:17:39.937459-07:00"}
{"Type":"Account Info","Data":{"Acct":{"Cash":"43616.98","Positions":{"LBSJ":-1,"LBSM":-1,"LBSQ":12,"LBSV":0,"LBSZ":10}},"User":"2020"},"Timestamp":"2022-03-28T09:17:39.937751-07:00"}
{"Type":"MarkPrices","Data":{"LBSJ":"298.21","LBSM":"297.13","LBSQ":"226.88","LBSV":"274.02","LBSZ":"266.47"},"Timestamp":"2022-03-28T09:17:40.936298-07:00"}
{"Type":"Account Info","Data":{"Acct":{"Cash":"43836.98","Positions":{"LBSJ":-1,"LBSM":-1,"LBSQ":12,"LBSV":10,"LBSZ":0}},"User":"2020"},"Timestamp":"2022-03-28T09:17:40.936444-07:00"}
{"Type":"MarkPrices","Data":{"LBSJ":"298.21","LBSM":"297.13","LBSQ":"226.38","LBSV":"264.63","LBSZ":"278.76"},"Timestamp":"2022-03-28T09:17:41.937519-07:00"}
{"Type":"Account Info","Data":{"Acct":{"Cash":"44056.98","Positions":{"LBSJ":-1,"LBSM":-1,"LBSQ":12,"LBSV":0,"LBSZ":10}},"User":"2020"},"Timestamp":"2022-03-28T09:17:41.937692-07:00"}
{"Type":"MarkPrices","Data":{"LBSJ":"298.21","LBSM":"297.13","LBSQ":"225.88","LBSV":"264.63","LBSZ":"278.76"},"Timestamp":"2022-03-28T09:17:42.940509-07:00"}
{"Type":"Account Info","Data":{"Acct":{"Cash":"44276.98","Positions":{"LBSJ":-1,"LBSM":-1,"LBSQ":12,"LBSV":10,"LBSZ":0}},"User":"2020"},"Timestamp":"2022-03-28T09:17:42.940728-07:00"}
{"Type":"MarkPrices","Data":{"LBSJ":"298.21","LBSM":"297.13","LBSQ":"225.38","LBSV":"270","LBSZ":"267.4"},"Timestamp":"2022-03-28T09:17:43.940981-07:00"}
{"Type":"Account Info","Data":{"Acct":{"Cash":"41676.98","Positions":{"LBSJ":-1,"LBSM":-1,"LBSQ":12,"LBSV":10,"LBSZ":10}},"User":"2020"},"Timestamp":"2022-03-28T09:17:43.941035-07:00"}
{"Type":"MarkPrices","Data":{"LBSJ":"298.21","LBSM":"297.13","LBSQ":"224.88","LBSV":"269.5","LBSZ":"270"},"Timestamp":"2022-03-28T09:17:44.936278-07:00"}
{"Type":"Account Info","Data":{"Acct":{"Cash":"44485.98","Positions":{"LBSJ":-1,"LBSM":-1,"LBSQ":12,"LBSV":10,"LBSZ":0}},"User":"2020"},"Timestamp":"2022-03-28T09:17:44.93638-07:00"}
{"Type":"MarkPrices","Data":{"LBSJ":"298.21","LBSM":"297.13","LBSQ":"224.38","LBSV":"269","LBSZ":"271.97"},"Timestamp":"2022-03-28T09:17:45.939674-07:00"}
{"Type":"Account Info","Data":{"Acct":{"Cash":"44485.98","Positions":{"LBSJ":-1,"LBSM":-1,"LBSQ":12,"LBSV":10,"LBSZ":0}},"User":"2020"},"Timestamp":"2022-03-28T09:17:45.939756-07:00"}
{"Type":"MarkPrices","Data":{"LBSJ":"298.21","LBSM":"297.13","LBSQ":"223.88","LBSV":"268.5","LBSZ":"296.52"},"Timestamp":"2022-03-28T09:17:46.939291-07:00"}
{"Type":"Account Info","Data":{"Acct":{"Cash":"44485.98","Positions":{"LBSJ":-1,"LBSM":-1,"LBSQ":12,"LBSV":10,"LBSZ":0}},"User":"2020"},"Timestamp":"2022-03-28T09:17:46.939464-07:00"}
{"Type":"MarkPrices","Data":{"LBSJ":"298.21","LBSM":"297.13","LBSQ":"223.38","LBSV":"268","LBSZ":"290.29"},"Timestamp":"2022-03-28T09:17:47.939288-07:00"}
{"Type":"Account Info","Data":{"Acct":{"Cash":"41885.98","Positions":{"LBSJ":-1,"LBSM":-1,"LBSQ":12,"LBSV":10,"LBSZ":10}},"User":"2020"},"Timestamp":"2022-03-28T09:17:47.939382-07:00"}
{"Type":"MarkPrices","Data":{"LBSJ":"298.21","LBSM":"297.13","LBSQ":"222.88","LBSV":"267.5","LBSZ":"290.29"},"Timestamp":"2022-03-28T09:17:48.936687-07:00"}
{"Type":"Account Info","Data":{"Acct":{"Cash":"41885.98","Positions":{"LBSJ":-1,"LBSM":-1,"LBSQ":12,"LBSV":10,"LBSZ":10}},"User":"2020"},"Timestamp":"2022-03-28T09:17:48.93679-07:00"}
{"Type":"MarkPrices","Data":{"LBSJ":"298.21","LBSM":"297.13","LBSQ":"222.38","LBSV":"267","LBSZ":"270"},"Timestamp":"2022-03-28T09:17:49.937171-07:00"}
{"Type":"Account Info","Data":{"Acct":{"Cash":"41885.98","Positions":{"LBSJ":-1,"LBSM":-1,"LBSQ":12,"LBSV":10,"LBSZ":10}},"User":"2020"},"Timestamp":"2022-03-28T09:17:49.937384-07:00"}
{"Type":"MarkPrices","Data":{"LBSJ":"298.21","LBSM":"297.13","LBSQ":"221.88","LBSV":"266.5","LBSZ":"269.5"},"Timestamp":"2022-03-28T09:17:50.940076-07:00"}
{"Type":"Account Info","Data":{"Acct":{"Cash":"44694.98","Positions":{"LBSJ":-1,"LBSM":-1,"LBSQ":12,"LBSV":10,"LBSZ":0}},"User":"2020"},"Timestamp":"2022-03-28T09:17:50.940495-07:00"}
{"Type":"MarkPrices","Data":{"LBSJ":"298.21","LBSM":"297.13","LBSQ":"221.38","LBSV":"266","LBSZ":"291"},"Timestamp":"2022-03-28T09:17:51.941053-07:00"}
{"Type":"Account Info","Data":{"Acct":{"Cash":"44694.98","Positions":{"LBSJ":-1,"LBSM":-1,"LBSQ":12,"LBSV":10,"LBSZ":0}},"User":"2020"},"Timestamp":"2022-03-28T09:17:51.941159-07:00"}
{"Type":"MarkPrices","Data":{"LBSJ":"298.21","LBSM":"297.13","LBSQ":"220.88","LBSV":"265.5","LBSZ":"268.67"},"Timestamp":"2022-03-28T09:17:52.939823-07:00"}
{"Type":"Account Info","Data":{"Acct":{"Cash":"42094.98","Positions":{"LBSJ":-1,"LBSM":-1,"LBSQ":12,"LBSV":10,"LBSZ":10}},"User":"2020"},"Timestamp":"2022-03-28T09:17:52.939991-07:00"}
{"Type":"MarkPrices","Data":{"LBSJ":"298.21","LBSM":"297.13","LBSQ":"220.38","LBSV":"265","LBSZ":"272.98"},"Timestamp":"2022-03-28T09:17:53.937262-07:00"}
{"Type":"Account Info","Data":{"Acct":{"Cash":"44914.98","Positions":{"LBSJ":-1,"LBSM":-1,"LBSQ":12,"LBSV":10,"LBSZ":0}},"User":"2020"},"Timestamp":"2022-03-28T09:17:53.937547-07:00"}
{"Type":"MarkPrices","Data":{"LBSJ":"298.21","LBSM":"297.13","LBSQ":"219.88","LBSV":"264.5","LBSZ":"272.98"},"Timestamp":"2022-03-28T09:17:54.939511-07:00"}
{"Type":"Account Info","Data":{"Acct":{"Cash":"42314.98","Positions":{"LBSJ":-1,"LBSM":-1,"LBSQ":12,"LBSV":10,"LBSZ":10}},"User":"2020"},"Timestamp":"2022-03-28T09:17:54.93965-07:00"}
{"Type":"MarkPrices","Data":{"LBSJ":"298.21","LBSM":"297.13","LBSQ":"219.38","LBSV":"264","LBSZ":"270"},"Timestamp":"2022-03-28T09:17:55.940842-07:00"}
{"Type":"Account Info","Data":{"Acct":{"Cash":"42314.98","Positions":{"LBSJ":-1,"LBSM":-1,"LBSQ":12,"LBSV":10,"LBSZ":10}},"User":"2020"},"Timestamp":"2022-03-28T09:17:55.941028-07:00"}
{"Type":"MarkPrices","Data":{"LBSJ":"298.21","LBSM":"297.13","LBSQ":"218.88","LBSV":"263.5","LBSZ":"290.71"},"Timestamp":"2022-03-28T09:17:56.936945-07:00"}
{"Type":"Account Info","Data":{"Acct":{"Cash":"45383.98","Positions":{"LBSJ":-1,"LBSM":-1,"LBSQ":12,"LBSV":10,"LBSZ":-1}},"User":"2020"},"Timestamp":"2022-03-28T09:17:56.937234-07:00"}
{"Type":"MarkPrices","Data":{"LBSJ":"298.21","LBSM":"297.13","LBSQ":"218.38","LBSV":"263","LBSZ":"298.51"},"Timestamp":"2022-03-28T09:17:57.939061-07:00"}
{"Type":"Account Info","Data":{"Acct":{"Cash":"45123.98","Positions":{"LBSJ":-1,"LBSM":-1,"LBSQ":12,"LBSV":10,"LBSZ":0}},"User":"2020"},"Timestamp":"2022-03-28T09:17:57.939262-07:00"}
{"Type":"MarkPrices","Data":{"LBSJ":"298.21","LBSM":"297.13","LBSQ":"217.88","LBSV":"262.5","LBSZ":"298.51"},"Timestamp":"2022-03-28T09:17:58.939742-07:00"}
{"Type":"Account Info","Data":{"Acct":{"Cash":"45123.98","Positions":{"LBSJ":-1,"LBSM":-1,"LBSQ":12,"LBSV":10,"LBSZ":0}},"User":"2020"},"Timestamp":"2022-03-28T09:17:58.939902-07:00"}
{"Type":"MarkPrices","Data":{"LBSJ":"298.21","LBSM":"297.13","LBSQ":"217.38","LBSV":"262","LBSZ":"290.86"},"Timestamp":"2022-03-28T09:17:59.938953-07:00"}
{"Type":"Account Info","Data":{"Acct":{"Cash":"45123.98","Positions":{"LBSJ":-1,"LBSM":-1,"LBSQ":12,"LBSV":10,"LBSZ":0}},"User":"2020"},"Timestamp":"2022-03-28T09:17:59.93926-07:00"}
{"Type":"MarkPrices","Data":{"LBSJ":"298.21","LBSM":"297.13","LBSQ":"216.88","LBSV":"261.5","LBSZ":"290.86"},"Timestamp":"2022-03-28T09:18:00.939955-07:00"}
{"Type":"Account Info","Data":{"Acct":{"Cash":"45123.98","Positions":{"LBSJ":-1,"LBSM":-1,"LBSQ":12,"LBSV":10,"LBSZ":0}},"User":"2020"},"Timestamp":"2022-03-28T09:18:00.940178-07:00"}
{"Type":"MarkPrices","Data":{"LBSJ":"298.21","LBSM":"297.13","LBSQ":"294.93","LBSV":"261","LBSZ":"290.21"},"Timestamp":"2022-03-28T09:18:01.938628-07:00"}
{"Type":"Account Info","Data":{"Acct":{"Cash":"47941.73","Positions":{"LBSJ":-1,"LBSM":-1,"LBSQ":-1,"LBSV":10,"LBSZ":0}},"User":"2020"},"Timestamp":"2022-03-28T09:18:01.93873-07:00"}
{"Type":"MarkPrices","Data":{"LBSJ":"298.21","LBSM":"297.13","LBSQ":"300","LBSV":"260.5","LBSZ":"264.61"},"Timestamp":"2022-03-28T09:18:02.93919-07:00"}
{"Type":"Account Info","Data":{"Acct":{"Cash":"45341.73","Positions":{"LBSJ":-1,"LBSM":-1,"LBSQ":-1,"LBSV":10,"LBSZ":10}},"User":"2020"},"Timestamp":"2022-03-28T09:18:02.939501-07:00"}
{"Type":"MarkPrices","Data":{"LBSJ":"298.21","LBSM":"297.13","LBSQ":"300","LBSV":"224.83","LBSZ":"298.99"},"Timestamp":"2022-03-28T09:18:03.938746-07:00"}
{"Type":"Account Info","Data":{"Acct":{"Cash":"48421.73","Positions":{"LBSJ":-1,"LBSM":-1,"LBSQ":-1,"LBSV":10,"LBSZ":-1}},"User":"2020"},"Timestamp":"2022-03-28T09:18:03.939236-07:00"}
{"Type":"MarkPrices","Data":{"LBSJ":"298.21","LBSM":"297.13","LBSQ":"300","LBSV":"224.33","LBSZ":"276.02"},"Timestamp":"2022-03-28T09:18:04.939818-07:00"}
{"Type":"Account Info","Data":{"Acct":{"Cash":"45561.73","Positions":{"LBSJ":-1,"LBSM":-1,"LBSQ":-1,"LBSV":10,"LBSZ":10}},"User":"2020"},"Timestamp":"2022-03-28T09:18:04.940071-07:00"}
{"Type":"MarkPrices","Data":{"LBSJ":"298.21","LBSM":"297.13","LBSQ":"300","LBSV":"223.83","LBSZ":"270"},"Timestamp":"2022-03-28T09:18:05.938821-07:00"}
{"Type":"Account Info","Data":{"Acct":{"Cash":"45561.73","Positions":{"LBSJ":-1,"LBSM":-1,"LBSQ":-1,"LBSV":10,"LBSZ":10}},"User":"2020"},"Timestamp":"2022-03-28T09:18:05.939164-07:00"}
{"Type":"MarkPrices","Data":{"LBSJ":"298.21","LBSM":"297.13","LBSQ":"300","LBSV":"223.33","LBSZ":"294.71"},"Timestamp":"2022-03-28T09:18:06.939498-07:00"}
{"Type":"Account Info","Data":{"Acct":{"Cash":"48641.73","Positions":{"LBSJ":-1,"LBSM":-1,"LBSQ":-1,"LBSV":10,"LBSZ":-1}},"User":"2020"},"Timestamp":"2022-03-28T09:18:06.939594-07:00"}
{"Type":"MarkPrices","Data":{"LBSJ":"298.21","LBSM":"297.13","LBSQ":"300","LBSV":"222.83","LBSZ":"290.98"},"Timestamp":"2022-03-28T09:18:07.937673-07:00"}
{"Type":"Account Info","Data":{"Acct":{"Cash":"48641.73","Positions":{"LBSJ":-1,"LBSM":-1,"LBSQ":-1,"LBSV":10,"LBSZ":-1}},"User":"2020"},"Timestamp":"2022-03-28T09:18:07.937934-07:00"}
{"Type":"MarkPrices","Data":{"LBSJ":"298.21","LBSM":"297.13","LBSQ":"300","LBSV":"222.33","LBSZ":"290.98"},"Timestamp":"2022-03-28T09:18:08.939871-07:00"}
{"Type":"Account Info","Data":{"Acct":{"Cash":"48641.73","Positions":{"LBSJ":-1,"LBSM":-1,"LBSQ":-1,"LBSV":10,"LBSZ":-1}},"User":"2020"},"Timestamp":"2022-03-28T09:18:08.939952-07:00"}
{"Type":"MarkPrices","Data":{"LBSJ":"298.21","LBSM":"297.13","LBSQ":"300","LBSV":"221.83","LBSZ":"289.81"},"Timestamp":"2022-03-28T09:18:09.938122-07:00"}
{"Type":"Account Info","Data":{"Acct":{"Cash":"48641.73","Positions":{"LBSJ":-1,"LBSM":-1,"LBSQ":-1,"LBSV":10,"LBSZ":-1}},"User":"2020"},"Timestamp":"2022-03-28T09:18:09.938239-07:00"}
{"Type":"MarkPrices","Data":{"LBSJ":"298.21","LBSM":"297.13","LBSQ":"300","LBSV":"221.33","LBSZ":"270"},"Timestamp":"2022-03-28T09:18:10.939162-07:00"}
{"Type":"Account Info","Data":{"Acct":{"Cash":"46041.73","Positions":{"LBSJ":-1,"LBSM":-1,"LBSQ":-1,"LBSV":10,"LBSZ":9}},"User":"2020"},"Timestamp":"2022-03-28T09:18:10.939219-07:00"}
{"Type":"MarkPrices","Data":{"LBSJ":"298.21","LBSM":"297.13","LBSQ":"300","LBSV":"220.83","LBSZ":"269.5"},"Timestamp":"2022-03-28T09:18:11.939775-07:00"}
{"Type":"Account Info","Data":{"Acct":{"Cash":"46041.73","Positions":{"LBSJ":-1,"LBSM":-1,"LBSQ":-1,"LBSV":10,"LBSZ":9}},"User":"2020"},"Timestamp":"2022-03-28T09:18:11.939874-07:00"}
{"Type":"MarkPrices","Data":{"LBSJ":"298.21","LBSM":"297.13","LBSQ":"300","LBSV":"220.33","LBSZ":"291.16"},"Timestamp":"2022-03-28T09:18:12.940621-07:00"}
{"Type":"Account Info","Data":{"Acct":{"Cash":"48571.73","Positions":{"LBSJ":-1,"LBSM":-1,"LBSQ":-1,"LBSV":10,"LBSZ":0}},"User":"2020"},"Timestamp":"2022-03-28T09:18:12.940746-07:00"}
{"Type":"MarkPrices","Data":{"LBSJ":"298.21","LBSM":"297.13","LBSQ":"300","LBSV":"219.83","LBSZ":"290.33"},"Timestamp":"2022-03-28T09:18:13.940162-07:00"}
{"Type":"Account Info","Data":{"Acct":{"Cash":"48571.73","Positions":{"LBSJ":-1,"LBSM":-1,"LBSQ":-1,"LBSV":10,"LBSZ":0}},"User":"2020"},"Timestamp":"2022-03-28T09:18:13.940281-07:00"}
{"Type":"MarkPrices","Data":{"LBSJ":"298.21","LBSM":"297.13","LBSQ":"300","LBSV":"219.33","LBSZ":"270"},"Timestamp":"2022-03-28T09:18:14.939684-07:00"}
{"Type":"Account Info","Data":{"Acct":{"Cash":"48791.73","Positions":{"LBSJ":-1,"LBSM":-1,"LBSQ":-1,"LBSV":10,"LBSZ":0}},"User":"2020"},"Timestamp":"2022-03-28T09:18:14.939822-07:00"}
{"Type":"MarkPrices","Data":{"LBSJ":"298.21","LBSM":"297.13","LBSQ":"300","LBSV":"219.33","LBSZ":"265.12"},"Timestamp":"2022-03-28T09:18:15.940912-07:00"}
{"Type":"Account Info","Data":{"Acct":{"Cash":"46191.73","Positions":{"LBSJ":-1,"LBSM":-1,"LBSQ":-1,"LBSV":10,"LBSZ":10}},"User":"2020"},"Timestamp":"2022-03-28T09:18:15.941016-07:00"}
{"Type":"MarkPrices","Data":{"LBSJ":"298.21","LBSM":"297.13","LBSQ":"300","LBSV":"218.83","LBSZ":"265.12"},"Timestamp":"2022-03-28T09:18:16.940603-07:00"}
{"Type":"Account Info","Data":{"Acct":{"Cash":"46191.73","Positions":{"LBSJ":-1,"LBSM":-1,"LBSQ":-1,"LBSV":10,"LBSZ":10}},"User":"2020"},"Timestamp":"2022-03-28T09:18:16.940798-07:00"}
{"Type":"MarkPrices","Data":{"LBSJ":"298.21","LBSM":"297.13","LBSQ":"300","LBSV":"218.33","LBSZ":"279.95"},"Timestamp":"2022-03-28T09:18:17.939824-07:00"}
{"Type":"Account Info","Data":{"Acct":{"Cash":"49011.73","Positions":{"LBSJ":-1,"LBSM":-1,"LBSQ":-1,"LBSV":10,"LBSZ":0}},"User":"2020"},"Timestamp":"2022-03-28T09:18:17.939967-07:00"}
{"Type":"MarkPrices","Data":{"LBSJ":"298.21","LBSM":"297.13","LBSQ":"300","LBSV":"217.83","LBSZ":"300"},"Timestamp":"2022-03-28T09:18:18.939675-07:00"}
{"Type":"Account Info","Data":{"Acct":{"Cash":"49011.73","Positions":{"LBSJ":-1,"LBSM":-1,"LBSQ":-1,"LBSV":10,"LBSZ":0}},"User":"2020"},"Timestamp":"2022-03-28T09:18:18.940067-07:00"}
{"Type":"MarkPrices","Data":{"LBSJ":"298.21","LBSM":"297.13","LBSQ":"300","LBSV":"217.33","LBSZ":"277.62"},"Timestamp":"2022-03-28T09:18:19.936051-07:00"}
{"Type":"Account Info","Data":{"Acct":{"Cash":"49811.73","Positions":{"LBSJ":-1,"LBSM":-1,"LBSQ":-1,"LBSV":10,"LBSZ":0}},"User":"2020"},"Timestamp":"2022-03-28T09:18:19.936093-07:00"}
{"Type":"MarkPrices","Data":{"LBSJ":"298.21","LBSM":"297.13","LBSQ":"300","LBSV":"216.33","LBSZ":"296.6"},"Timestamp":"2022-03-28T09:18:20.939091-07:00"}
{"Type":"Account Info","Data":{"Acct":{"Cash":"49811.73","Positions":{"LBSJ":-1,"LBSM":-1,"LBSQ":-1,"LBSV":10,"LBSZ":0}},"User":"2020"},"Timestamp":"2022-03-28T09:18:20.939153-07:00"}
{"Type":"MarkPrices","Data":{"LBSJ":"298.21","LBSM":"297.13","LBSQ":"300","LBSV":"216.33","LBSZ":"270.7"},"Timestamp":"2022-03-28T09:18:21.938114-07:00"}
{"Type":"Account Info","Data":{"Acct":{"Cash":"47211.73","Positions":{"LBSJ":-1,"LBSM":-1,"LBSQ":-1,"LBSV":10,"LBSZ":10}},"User":"2020"},"Timestamp":"2022-03-28T09:18:21.938469-07:00"}
{"Type":"MarkPrices","Data":{"LBSJ":"298.21","LBSM":"297.13","LBSQ":"300","LBSV":"215.83","LBSZ":"290.35"},"Timestamp":"2022-03-28T09:18:22.939869-07:00"}
{"Type":"Account Info","Data":{"Acct":{"Cash":"50291.73","Positions":{"LBSJ":-1,"LBSM":-1,"LBSQ":-1,"LBSV":10,"LBSZ":-1}},"User":"2020"},"Timestamp":"2022-03-28T09:18:22.940119-07:00"}
{"Type":"MarkPrices","Data":{"LBSJ":"298.21","LBSM":"297.13","LBSQ":"300","LBSV":"215.33","LBSZ":"280.11"},"Timestamp":"2022-03-28T09:18:23.937133-07:00"}
{"Type":"Account Info","Data":{"Acct":{"Cash":"51091.73","Positions":{"LBSJ":-1,"LBSM":-1,"LBSQ":-1,"LBSV":10,"LBSZ":-1}},"User":"2020"},"Timestamp":"2022-03-28T09:18:23.93733-07:00"}
{"Type":"MarkPrices","Data":{"LBSJ":"298.21","LBSM":"297.13","LBSQ":"300","LBSV":"214.83","LBSZ":"287.43"},"Timestamp":"2022-03-28T09:18:24.93617-07:00"}
{"Type":"Account Info","Data":{"Acct":{"Cash":"51891.73","Positions":{"LBSJ":-1,"LBSM":-1,"LBSQ":-1,"LBSV":10,"LBSZ":-1}},"User":"2020"},"Timestamp":"2022-03-28T09:18:24.936438-07:00"}
{"Type":"MarkPrices","Data":{"LBSJ":"298.21","LBSM":"297.13","LBSQ":"300","LBSV":"214.33","LBSZ":"300"},"Timestamp":"2022-03-28T09:18:25.938183-07:00"}
{"Type":"Account Info","Data":{"Acct":{"Cash":"51891.73","Positions":{"LBSJ":-1,"LBSM":-1,"LBSQ":-1,"LBSV":10,"LBSZ":-1}},"User":"2020"},"Timestamp":"2022-03-28T09:18:25.938544-07:00"}
